<?xml version="1.0" encoding="UTF-8"?>
<testsuite name="TreehouseTest" tests="9" skipped="0" failures="7" errors="0" timestamp="2023-01-05T17:38:46" hostname="AT-ALJLQ6P5" time="0.144">
  <properties/>
  <testcase name="countNumberOfEdgeTrees()" classname="TreehouseTest" time="0.038">
    <failure message="org.opentest4j.AssertionFailedError: expected: &lt;16&gt; but was: &lt;392&gt;" type="org.opentest4j.AssertionFailedError">org.opentest4j.AssertionFailedError: expected: &lt;16&gt; but was: &lt;392&gt;
	at app//org.junit.jupiter.api.AssertionUtils.fail(AssertionUtils.java:55)
	at app//org.junit.jupiter.api.AssertionUtils.failNotEqual(AssertionUtils.java:62)
	at app//org.junit.jupiter.api.AssertEquals.assertEquals(AssertEquals.java:150)
	at app//org.junit.jupiter.api.AssertEquals.assertEquals(AssertEquals.java:145)
	at app//org.junit.jupiter.api.Assertions.assertEquals(Assertions.java:510)
	at app//TreehouseTest.countNumberOfEdgeTrees(TreehouseTest.kt:16)
	at java.base@17.0.4.1/jdk.internal.reflect.NativeMethodAccessorImpl.invoke0(Native Method)
	at java.base@17.0.4.1/jdk.internal.reflect.NativeMethodAccessorImpl.invoke(NativeMethodAccessorImpl.java:77)
	at java.base@17.0.4.1/jdk.internal.reflect.DelegatingMethodAccessorImpl.invoke(DelegatingMethodAccessorImpl.java:43)
	at java.base@17.0.4.1/java.lang.reflect.Method.invoke(Method.java:568)
	at app//org.junit.platform.commons.util.ReflectionUtils.invokeMethod(ReflectionUtils.java:686)
	at app//org.junit.jupiter.engine.execution.MethodInvocation.proceed(MethodInvocation.java:60)
	at app//org.junit.jupiter.engine.execution.InvocationInterceptorChain$ValidatingInvocation.proceed(InvocationInterceptorChain.java:131)
	at app//org.junit.jupiter.engine.extension.TimeoutExtension.intercept(TimeoutExtension.java:149)
	at app//org.junit.jupiter.engine.extension.TimeoutExtension.interceptTestableMethod(TimeoutExtension.java:140)
	at app//org.junit.jupiter.engine.extension.TimeoutExtension.interceptTestMethod(TimeoutExtension.java:84)
	at app//org.junit.jupiter.engine.execution.ExecutableInvoker$ReflectiveInterceptorCall.lambda$ofVoidMethod$0(ExecutableInvoker.java:115)
	at app//org.junit.jupiter.engine.execution.ExecutableInvoker.lambda$invoke$0(ExecutableInvoker.java:105)
	at app//org.junit.jupiter.engine.execution.InvocationInterceptorChain$InterceptedInvocation.proceed(InvocationInterceptorChain.java:106)
	at app//org.junit.jupiter.engine.execution.InvocationInterceptorChain.proceed(InvocationInterceptorChain.java:64)
	at app//org.junit.jupiter.engine.execution.InvocationInterceptorChain.chainAndInvoke(InvocationInterceptorChain.java:45)
	at app//org.junit.jupiter.engine.execution.InvocationInterceptorChain.invoke(InvocationInterceptorChain.java:37)
	at app//org.junit.jupiter.engine.execution.ExecutableInvoker.invoke(ExecutableInvoker.java:104)
	at app//org.junit.jupiter.engine.execution.ExecutableInvoker.invoke(ExecutableInvoker.java:98)
	at app//org.junit.jupiter.engine.descriptor.TestMethodTestDescriptor.lambda$invokeTestMethod$6(TestMethodTestDescriptor.java:205)
	at app//org.junit.platform.engine.support.hierarchical.ThrowableCollector.execute(ThrowableCollector.java:73)
	at app//org.junit.jupiter.engine.descriptor.TestMethodTestDescriptor.invokeTestMethod(TestMethodTestDescriptor.java:201)
	at app//org.junit.jupiter.engine.descriptor.TestMethodTestDescriptor.execute(TestMethodTestDescriptor.java:137)
	at app//org.junit.jupiter.engine.descriptor.TestMethodTestDescriptor.execute(TestMethodTestDescriptor.java:71)
	at app//org.junit.platform.engine.support.hierarchical.NodeTestTask.lambda$executeRecursively$5(NodeTestTask.java:135)
	at app//org.junit.platform.engine.support.hierarchical.ThrowableCollector.execute(ThrowableCollector.java:73)
	at app//org.junit.platform.engine.support.hierarchical.NodeTestTask.lambda$executeRecursively$7(NodeTestTask.java:125)
	at app//org.junit.platform.engine.support.hierarchical.Node.around(Node.java:135)
	at app//org.junit.platform.engine.support.hierarchical.NodeTestTask.lambda$executeRecursively$8(NodeTestTask.java:123)
	at app//org.junit.platform.engine.support.hierarchical.ThrowableCollector.execute(ThrowableCollector.java:73)
	at app//org.junit.platform.engine.support.hierarchical.NodeTestTask.executeRecursively(NodeTestTask.java:122)
	at app//org.junit.platform.engine.support.hierarchical.NodeTestTask.execute(NodeTestTask.java:80)
	at java.base@17.0.4.1/java.util.ArrayList.forEach(ArrayList.java:1511)
	at app//org.junit.platform.engine.support.hierarchical.SameThreadHierarchicalTestExecutorService.invokeAll(SameThreadHierarchicalTestExecutorService.java:38)
	at app//org.junit.platform.engine.support.hierarchical.NodeTestTask.lambda$executeRecursively$5(NodeTestTask.java:139)
	at app//org.junit.platform.engine.support.hierarchical.ThrowableCollector.execute(ThrowableCollector.java:73)
	at app//org.junit.platform.engine.support.hierarchical.NodeTestTask.lambda$executeRecursively$7(NodeTestTask.java:125)
	at app//org.junit.platform.engine.support.hierarchical.Node.around(Node.java:135)
	at app//org.junit.platform.engine.support.hierarchical.NodeTestTask.lambda$executeRecursively$8(NodeTestTask.java:123)
	at app//org.junit.platform.engine.support.hierarchical.ThrowableCollector.execute(ThrowableCollector.java:73)
	at app//org.junit.platform.engine.support.hierarchical.NodeTestTask.executeRecursively(NodeTestTask.java:122)
	at app//org.junit.platform.engine.support.hierarchical.NodeTestTask.execute(NodeTestTask.java:80)
	at java.base@17.0.4.1/java.util.ArrayList.forEach(ArrayList.java:1511)
	at app//org.junit.platform.engine.support.hierarchical.SameThreadHierarchicalTestExecutorService.invokeAll(SameThreadHierarchicalTestExecutorService.java:38)
	at app//org.junit.platform.engine.support.hierarchical.NodeTestTask.lambda$executeRecursively$5(NodeTestTask.java:139)
	at app//org.junit.platform.engine.support.hierarchical.ThrowableCollector.execute(ThrowableCollector.java:73)
	at app//org.junit.platform.engine.support.hierarchical.NodeTestTask.lambda$executeRecursively$7(NodeTestTask.java:125)
	at app//org.junit.platform.engine.support.hierarchical.Node.around(Node.java:135)
	at app//org.junit.platform.engine.support.hierarchical.NodeTestTask.lambda$executeRecursively$8(NodeTestTask.java:123)
	at app//org.junit.platform.engine.support.hierarchical.ThrowableCollector.execute(ThrowableCollector.java:73)
	at app//org.junit.platform.engine.support.hierarchical.NodeTestTask.executeRecursively(NodeTestTask.java:122)
	at app//org.junit.platform.engine.support.hierarchical.NodeTestTask.execute(NodeTestTask.java:80)
	at app//org.junit.platform.engine.support.hierarchical.SameThreadHierarchicalTestExecutorService.submit(SameThreadHierarchicalTestExecutorService.java:32)
	at app//org.junit.platform.engine.support.hierarchical.HierarchicalTestExecutor.execute(HierarchicalTestExecutor.java:57)
	at app//org.junit.platform.engine.support.hierarchical.HierarchicalTestEngine.execute(HierarchicalTestEngine.java:51)
	at org.junit.platform.launcher.core.EngineExecutionOrchestrator.execute(EngineExecutionOrchestrator.java:108)
	at org.junit.platform.launcher.core.EngineExecutionOrchestrator.execute(EngineExecutionOrchestrator.java:88)
	at org.junit.platform.launcher.core.EngineExecutionOrchestrator.lambda$execute$0(EngineExecutionOrchestrator.java:54)
	at org.junit.platform.launcher.core.EngineExecutionOrchestrator.withInterceptedStreams(EngineExecutionOrchestrator.java:67)
	at org.junit.platform.launcher.core.EngineExecutionOrchestrator.execute(EngineExecutionOrchestrator.java:52)
	at org.junit.platform.launcher.core.DefaultLauncher.execute(DefaultLauncher.java:96)
	at org.junit.platform.launcher.core.DefaultLauncher.execute(DefaultLauncher.java:75)
	at org.gradle.api.internal.tasks.testing.junitplatform.JUnitPlatformTestClassProcessor$CollectAllTestClassesExecutor.processAllTestClasses(JUnitPlatformTestClassProcessor.java:99)
	at org.gradle.api.internal.tasks.testing.junitplatform.JUnitPlatformTestClassProcessor$CollectAllTestClassesExecutor.access$000(JUnitPlatformTestClassProcessor.java:79)
	at org.gradle.api.internal.tasks.testing.junitplatform.JUnitPlatformTestClassProcessor.stop(JUnitPlatformTestClassProcessor.java:75)
	at org.gradle.api.internal.tasks.testing.SuiteTestClassProcessor.stop(SuiteTestClassProcessor.java:61)
	at java.base@17.0.4.1/jdk.internal.reflect.NativeMethodAccessorImpl.invoke0(Native Method)
	at java.base@17.0.4.1/jdk.internal.reflect.NativeMethodAccessorImpl.invoke(NativeMethodAccessorImpl.java:77)
	at java.base@17.0.4.1/jdk.internal.reflect.DelegatingMethodAccessorImpl.invoke(DelegatingMethodAccessorImpl.java:43)
	at java.base@17.0.4.1/java.lang.reflect.Method.invoke(Method.java:568)
	at org.gradle.internal.dispatch.ReflectionDispatch.dispatch(ReflectionDispatch.java:36)
	at org.gradle.internal.dispatch.ReflectionDispatch.dispatch(ReflectionDispatch.java:24)
	at org.gradle.internal.dispatch.ContextClassLoaderDispatch.dispatch(ContextClassLoaderDispatch.java:33)
	at org.gradle.internal.dispatch.ProxyDispatchAdapter$DispatchingInvocationHandler.invoke(ProxyDispatchAdapter.java:94)
	at jdk.proxy1/jdk.proxy1.$Proxy2.stop(Unknown Source)
	at org.gradle.api.internal.tasks.testing.worker.TestWorker$3.run(TestWorker.java:193)
	at org.gradle.api.internal.tasks.testing.worker.TestWorker.executeAndMaintainThreadName(TestWorker.java:129)
	at org.gradle.api.internal.tasks.testing.worker.TestWorker.execute(TestWorker.java:100)
	at org.gradle.api.internal.tasks.testing.worker.TestWorker.execute(TestWorker.java:60)
	at org.gradle.process.internal.worker.child.ActionExecutionWorker.execute(ActionExecutionWorker.java:56)
	at org.gradle.process.internal.worker.child.SystemApplicationClassLoaderWorker.call(SystemApplicationClassLoaderWorker.java:133)
	at org.gradle.process.internal.worker.child.SystemApplicationClassLoaderWorker.call(SystemApplicationClassLoaderWorker.java:71)
	at app//worker.org.gradle.process.internal.worker.GradleWorkerMain.run(GradleWorkerMain.java:69)
	at app//worker.org.gradle.process.internal.worker.GradleWorkerMain.main(GradleWorkerMain.java:74)
</failure>
  </testcase>
  <testcase name="checkIfVisibleColFalseTest()" classname="TreehouseTest" time="0.004"/>
  <testcase name="checkIfVisibleRowAndColTest()" classname="TreehouseTest" time="0.003"/>
  <testcase name="countNumberOfAllVisibleTreesTest()" classname="TreehouseTest" time="0.052">
    <failure message="org.opentest4j.AssertionFailedError: expected: &lt;21&gt; but was: &lt;1798&gt;" type="org.opentest4j.AssertionFailedError">org.opentest4j.AssertionFailedError: expected: &lt;21&gt; but was: &lt;1798&gt;
	at app//org.junit.jupiter.api.AssertionUtils.fail(AssertionUtils.java:55)
	at app//org.junit.jupiter.api.AssertionUtils.failNotEqual(AssertionUtils.java:62)
	at app//org.junit.jupiter.api.AssertEquals.assertEquals(AssertEquals.java:150)
	at app//org.junit.jupiter.api.AssertEquals.assertEquals(AssertEquals.java:145)
	at app//org.junit.jupiter.api.Assertions.assertEquals(Assertions.java:510)
	at app//TreehouseTest.countNumberOfAllVisibleTreesTest(TreehouseTest.kt:60)
	at java.base@17.0.4.1/jdk.internal.reflect.NativeMethodAccessorImpl.invoke0(Native Method)
	at java.base@17.0.4.1/jdk.internal.reflect.NativeMethodAccessorImpl.invoke(NativeMethodAccessorImpl.java:77)
	at java.base@17.0.4.1/jdk.internal.reflect.DelegatingMethodAccessorImpl.invoke(DelegatingMethodAccessorImpl.java:43)
	at java.base@17.0.4.1/java.lang.reflect.Method.invoke(Method.java:568)
	at app//org.junit.platform.commons.util.ReflectionUtils.invokeMethod(ReflectionUtils.java:686)
	at app//org.junit.jupiter.engine.execution.MethodInvocation.proceed(MethodInvocation.java:60)
	at app//org.junit.jupiter.engine.execution.InvocationInterceptorChain$ValidatingInvocation.proceed(InvocationInterceptorChain.java:131)
	at app//org.junit.jupiter.engine.extension.TimeoutExtension.intercept(TimeoutExtension.java:149)
	at app//org.junit.jupiter.engine.extension.TimeoutExtension.interceptTestableMethod(TimeoutExtension.java:140)
	at app//org.junit.jupiter.engine.extension.TimeoutExtension.interceptTestMethod(TimeoutExtension.java:84)
	at app//org.junit.jupiter.engine.execution.ExecutableInvoker$ReflectiveInterceptorCall.lambda$ofVoidMethod$0(ExecutableInvoker.java:115)
	at app//org.junit.jupiter.engine.execution.ExecutableInvoker.lambda$invoke$0(ExecutableInvoker.java:105)
	at app//org.junit.jupiter.engine.execution.InvocationInterceptorChain$InterceptedInvocation.proceed(InvocationInterceptorChain.java:106)
	at app//org.junit.jupiter.engine.execution.InvocationInterceptorChain.proceed(InvocationInterceptorChain.java:64)
	at app//org.junit.jupiter.engine.execution.InvocationInterceptorChain.chainAndInvoke(InvocationInterceptorChain.java:45)
	at app//org.junit.jupiter.engine.execution.InvocationInterceptorChain.invoke(InvocationInterceptorChain.java:37)
	at app//org.junit.jupiter.engine.execution.ExecutableInvoker.invoke(ExecutableInvoker.java:104)
	at app//org.junit.jupiter.engine.execution.ExecutableInvoker.invoke(ExecutableInvoker.java:98)
	at app//org.junit.jupiter.engine.descriptor.TestMethodTestDescriptor.lambda$invokeTestMethod$6(TestMethodTestDescriptor.java:205)
	at app//org.junit.platform.engine.support.hierarchical.ThrowableCollector.execute(ThrowableCollector.java:73)
	at app//org.junit.jupiter.engine.descriptor.TestMethodTestDescriptor.invokeTestMethod(TestMethodTestDescriptor.java:201)
	at app//org.junit.jupiter.engine.descriptor.TestMethodTestDescriptor.execute(TestMethodTestDescriptor.java:137)
	at app//org.junit.jupiter.engine.descriptor.TestMethodTestDescriptor.execute(TestMethodTestDescriptor.java:71)
	at app//org.junit.platform.engine.support.hierarchical.NodeTestTask.lambda$executeRecursively$5(NodeTestTask.java:135)
	at app//org.junit.platform.engine.support.hierarchical.ThrowableCollector.execute(ThrowableCollector.java:73)
	at app//org.junit.platform.engine.support.hierarchical.NodeTestTask.lambda$executeRecursively$7(NodeTestTask.java:125)
	at app//org.junit.platform.engine.support.hierarchical.Node.around(Node.java:135)
	at app//org.junit.platform.engine.support.hierarchical.NodeTestTask.lambda$executeRecursively$8(NodeTestTask.java:123)
	at app//org.junit.platform.engine.support.hierarchical.ThrowableCollector.execute(ThrowableCollector.java:73)
	at app//org.junit.platform.engine.support.hierarchical.NodeTestTask.executeRecursively(NodeTestTask.java:122)
	at app//org.junit.platform.engine.support.hierarchical.NodeTestTask.execute(NodeTestTask.java:80)
	at java.base@17.0.4.1/java.util.ArrayList.forEach(ArrayList.java:1511)
	at app//org.junit.platform.engine.support.hierarchical.SameThreadHierarchicalTestExecutorService.invokeAll(SameThreadHierarchicalTestExecutorService.java:38)
	at app//org.junit.platform.engine.support.hierarchical.NodeTestTask.lambda$executeRecursively$5(NodeTestTask.java:139)
	at app//org.junit.platform.engine.support.hierarchical.ThrowableCollector.execute(ThrowableCollector.java:73)
	at app//org.junit.platform.engine.support.hierarchical.NodeTestTask.lambda$executeRecursively$7(NodeTestTask.java:125)
	at app//org.junit.platform.engine.support.hierarchical.Node.around(Node.java:135)
	at app//org.junit.platform.engine.support.hierarchical.NodeTestTask.lambda$executeRecursively$8(NodeTestTask.java:123)
	at app//org.junit.platform.engine.support.hierarchical.ThrowableCollector.execute(ThrowableCollector.java:73)
	at app//org.junit.platform.engine.support.hierarchical.NodeTestTask.executeRecursively(NodeTestTask.java:122)
	at app//org.junit.platform.engine.support.hierarchical.NodeTestTask.execute(NodeTestTask.java:80)
	at java.base@17.0.4.1/java.util.ArrayList.forEach(ArrayList.java:1511)
	at app//org.junit.platform.engine.support.hierarchical.SameThreadHierarchicalTestExecutorService.invokeAll(SameThreadHierarchicalTestExecutorService.java:38)
	at app//org.junit.platform.engine.support.hierarchical.NodeTestTask.lambda$executeRecursively$5(NodeTestTask.java:139)
	at app//org.junit.platform.engine.support.hierarchical.ThrowableCollector.execute(ThrowableCollector.java:73)
	at app//org.junit.platform.engine.support.hierarchical.NodeTestTask.lambda$executeRecursively$7(NodeTestTask.java:125)
	at app//org.junit.platform.engine.support.hierarchical.Node.around(Node.java:135)
	at app//org.junit.platform.engine.support.hierarchical.NodeTestTask.lambda$executeRecursively$8(NodeTestTask.java:123)
	at app//org.junit.platform.engine.support.hierarchical.ThrowableCollector.execute(ThrowableCollector.java:73)
	at app//org.junit.platform.engine.support.hierarchical.NodeTestTask.executeRecursively(NodeTestTask.java:122)
	at app//org.junit.platform.engine.support.hierarchical.NodeTestTask.execute(NodeTestTask.java:80)
	at app//org.junit.platform.engine.support.hierarchical.SameThreadHierarchicalTestExecutorService.submit(SameThreadHierarchicalTestExecutorService.java:32)
	at app//org.junit.platform.engine.support.hierarchical.HierarchicalTestExecutor.execute(HierarchicalTestExecutor.java:57)
	at app//org.junit.platform.engine.support.hierarchical.HierarchicalTestEngine.execute(HierarchicalTestEngine.java:51)
	at org.junit.platform.launcher.core.EngineExecutionOrchestrator.execute(EngineExecutionOrchestrator.java:108)
	at org.junit.platform.launcher.core.EngineExecutionOrchestrator.execute(EngineExecutionOrchestrator.java:88)
	at org.junit.platform.launcher.core.EngineExecutionOrchestrator.lambda$execute$0(EngineExecutionOrchestrator.java:54)
	at org.junit.platform.launcher.core.EngineExecutionOrchestrator.withInterceptedStreams(EngineExecutionOrchestrator.java:67)
	at org.junit.platform.launcher.core.EngineExecutionOrchestrator.execute(EngineExecutionOrchestrator.java:52)
	at org.junit.platform.launcher.core.DefaultLauncher.execute(DefaultLauncher.java:96)
	at org.junit.platform.launcher.core.DefaultLauncher.execute(DefaultLauncher.java:75)
	at org.gradle.api.internal.tasks.testing.junitplatform.JUnitPlatformTestClassProcessor$CollectAllTestClassesExecutor.processAllTestClasses(JUnitPlatformTestClassProcessor.java:99)
	at org.gradle.api.internal.tasks.testing.junitplatform.JUnitPlatformTestClassProcessor$CollectAllTestClassesExecutor.access$000(JUnitPlatformTestClassProcessor.java:79)
	at org.gradle.api.internal.tasks.testing.junitplatform.JUnitPlatformTestClassProcessor.stop(JUnitPlatformTestClassProcessor.java:75)
	at org.gradle.api.internal.tasks.testing.SuiteTestClassProcessor.stop(SuiteTestClassProcessor.java:61)
	at java.base@17.0.4.1/jdk.internal.reflect.NativeMethodAccessorImpl.invoke0(Native Method)
	at java.base@17.0.4.1/jdk.internal.reflect.NativeMethodAccessorImpl.invoke(NativeMethodAccessorImpl.java:77)
	at java.base@17.0.4.1/jdk.internal.reflect.DelegatingMethodAccessorImpl.invoke(DelegatingMethodAccessorImpl.java:43)
	at java.base@17.0.4.1/java.lang.reflect.Method.invoke(Method.java:568)
	at org.gradle.internal.dispatch.ReflectionDispatch.dispatch(ReflectionDispatch.java:36)
	at org.gradle.internal.dispatch.ReflectionDispatch.dispatch(ReflectionDispatch.java:24)
	at org.gradle.internal.dispatch.ContextClassLoaderDispatch.dispatch(ContextClassLoaderDispatch.java:33)
	at org.gradle.internal.dispatch.ProxyDispatchAdapter$DispatchingInvocationHandler.invoke(ProxyDispatchAdapter.java:94)
	at jdk.proxy1/jdk.proxy1.$Proxy2.stop(Unknown Source)
	at org.gradle.api.internal.tasks.testing.worker.TestWorker$3.run(TestWorker.java:193)
	at org.gradle.api.internal.tasks.testing.worker.TestWorker.executeAndMaintainThreadName(TestWorker.java:129)
	at org.gradle.api.internal.tasks.testing.worker.TestWorker.execute(TestWorker.java:100)
	at org.gradle.api.internal.tasks.testing.worker.TestWorker.execute(TestWorker.java:60)
	at org.gradle.process.internal.worker.child.ActionExecutionWorker.execute(ActionExecutionWorker.java:56)
	at org.gradle.process.internal.worker.child.SystemApplicationClassLoaderWorker.call(SystemApplicationClassLoaderWorker.java:133)
	at org.gradle.process.internal.worker.child.SystemApplicationClassLoaderWorker.call(SystemApplicationClassLoaderWorker.java:71)
	at app//worker.org.gradle.process.internal.worker.GradleWorkerMain.run(GradleWorkerMain.java:69)
	at app//worker.org.gradle.process.internal.worker.GradleWorkerMain.main(GradleWorkerMain.java:74)
</failure>
  </testcase>
  <testcase name="countNumberOfVisibleInnerTreesTest()" classname="TreehouseTest" time="0.035">
    <failure message="org.opentest4j.AssertionFailedError: expected: &lt;5&gt; but was: &lt;1406&gt;" type="org.opentest4j.AssertionFailedError">org.opentest4j.AssertionFailedError: expected: &lt;5&gt; but was: &lt;1406&gt;
	at app//org.junit.jupiter.api.AssertionUtils.fail(AssertionUtils.java:55)
	at app//org.junit.jupiter.api.AssertionUtils.failNotEqual(AssertionUtils.java:62)
	at app//org.junit.jupiter.api.AssertEquals.assertEquals(AssertEquals.java:150)
	at app//org.junit.jupiter.api.AssertEquals.assertEquals(AssertEquals.java:145)
	at app//org.junit.jupiter.api.Assertions.assertEquals(Assertions.java:510)
	at app//TreehouseTest.countNumberOfVisibleInnerTreesTest(TreehouseTest.kt:52)
	at java.base@17.0.4.1/jdk.internal.reflect.NativeMethodAccessorImpl.invoke0(Native Method)
	at java.base@17.0.4.1/jdk.internal.reflect.NativeMethodAccessorImpl.invoke(NativeMethodAccessorImpl.java:77)
	at java.base@17.0.4.1/jdk.internal.reflect.DelegatingMethodAccessorImpl.invoke(DelegatingMethodAccessorImpl.java:43)
	at java.base@17.0.4.1/java.lang.reflect.Method.invoke(Method.java:568)
	at app//org.junit.platform.commons.util.ReflectionUtils.invokeMethod(ReflectionUtils.java:686)
	at app//org.junit.jupiter.engine.execution.MethodInvocation.proceed(MethodInvocation.java:60)
	at app//org.junit.jupiter.engine.execution.InvocationInterceptorChain$ValidatingInvocation.proceed(InvocationInterceptorChain.java:131)
	at app//org.junit.jupiter.engine.extension.TimeoutExtension.intercept(TimeoutExtension.java:149)
	at app//org.junit.jupiter.engine.extension.TimeoutExtension.interceptTestableMethod(TimeoutExtension.java:140)
	at app//org.junit.jupiter.engine.extension.TimeoutExtension.interceptTestMethod(TimeoutExtension.java:84)
	at app//org.junit.jupiter.engine.execution.ExecutableInvoker$ReflectiveInterceptorCall.lambda$ofVoidMethod$0(ExecutableInvoker.java:115)
	at app//org.junit.jupiter.engine.execution.ExecutableInvoker.lambda$invoke$0(ExecutableInvoker.java:105)
	at app//org.junit.jupiter.engine.execution.InvocationInterceptorChain$InterceptedInvocation.proceed(InvocationInterceptorChain.java:106)
	at app//org.junit.jupiter.engine.execution.InvocationInterceptorChain.proceed(InvocationInterceptorChain.java:64)
	at app//org.junit.jupiter.engine.execution.InvocationInterceptorChain.chainAndInvoke(InvocationInterceptorChain.java:45)
	at app//org.junit.jupiter.engine.execution.InvocationInterceptorChain.invoke(InvocationInterceptorChain.java:37)
	at app//org.junit.jupiter.engine.execution.ExecutableInvoker.invoke(ExecutableInvoker.java:104)
	at app//org.junit.jupiter.engine.execution.ExecutableInvoker.invoke(ExecutableInvoker.java:98)
	at app//org.junit.jupiter.engine.descriptor.TestMethodTestDescriptor.lambda$invokeTestMethod$6(TestMethodTestDescriptor.java:205)
	at app//org.junit.platform.engine.support.hierarchical.ThrowableCollector.execute(ThrowableCollector.java:73)
	at app//org.junit.jupiter.engine.descriptor.TestMethodTestDescriptor.invokeTestMethod(TestMethodTestDescriptor.java:201)
	at app//org.junit.jupiter.engine.descriptor.TestMethodTestDescriptor.execute(TestMethodTestDescriptor.java:137)
	at app//org.junit.jupiter.engine.descriptor.TestMethodTestDescriptor.execute(TestMethodTestDescriptor.java:71)
	at app//org.junit.platform.engine.support.hierarchical.NodeTestTask.lambda$executeRecursively$5(NodeTestTask.java:135)
	at app//org.junit.platform.engine.support.hierarchical.ThrowableCollector.execute(ThrowableCollector.java:73)
	at app//org.junit.platform.engine.support.hierarchical.NodeTestTask.lambda$executeRecursively$7(NodeTestTask.java:125)
	at app//org.junit.platform.engine.support.hierarchical.Node.around(Node.java:135)
	at app//org.junit.platform.engine.support.hierarchical.NodeTestTask.lambda$executeRecursively$8(NodeTestTask.java:123)
	at app//org.junit.platform.engine.support.hierarchical.ThrowableCollector.execute(ThrowableCollector.java:73)
	at app//org.junit.platform.engine.support.hierarchical.NodeTestTask.executeRecursively(NodeTestTask.java:122)
	at app//org.junit.platform.engine.support.hierarchical.NodeTestTask.execute(NodeTestTask.java:80)
	at java.base@17.0.4.1/java.util.ArrayList.forEach(ArrayList.java:1511)
	at app//org.junit.platform.engine.support.hierarchical.SameThreadHierarchicalTestExecutorService.invokeAll(SameThreadHierarchicalTestExecutorService.java:38)
	at app//org.junit.platform.engine.support.hierarchical.NodeTestTask.lambda$executeRecursively$5(NodeTestTask.java:139)
	at app//org.junit.platform.engine.support.hierarchical.ThrowableCollector.execute(ThrowableCollector.java:73)
	at app//org.junit.platform.engine.support.hierarchical.NodeTestTask.lambda$executeRecursively$7(NodeTestTask.java:125)
	at app//org.junit.platform.engine.support.hierarchical.Node.around(Node.java:135)
	at app//org.junit.platform.engine.support.hierarchical.NodeTestTask.lambda$executeRecursively$8(NodeTestTask.java:123)
	at app//org.junit.platform.engine.support.hierarchical.ThrowableCollector.execute(ThrowableCollector.java:73)
	at app//org.junit.platform.engine.support.hierarchical.NodeTestTask.executeRecursively(NodeTestTask.java:122)
	at app//org.junit.platform.engine.support.hierarchical.NodeTestTask.execute(NodeTestTask.java:80)
	at java.base@17.0.4.1/java.util.ArrayList.forEach(ArrayList.java:1511)
	at app//org.junit.platform.engine.support.hierarchical.SameThreadHierarchicalTestExecutorService.invokeAll(SameThreadHierarchicalTestExecutorService.java:38)
	at app//org.junit.platform.engine.support.hierarchical.NodeTestTask.lambda$executeRecursively$5(NodeTestTask.java:139)
	at app//org.junit.platform.engine.support.hierarchical.ThrowableCollector.execute(ThrowableCollector.java:73)
	at app//org.junit.platform.engine.support.hierarchical.NodeTestTask.lambda$executeRecursively$7(NodeTestTask.java:125)
	at app//org.junit.platform.engine.support.hierarchical.Node.around(Node.java:135)
	at app//org.junit.platform.engine.support.hierarchical.NodeTestTask.lambda$executeRecursively$8(NodeTestTask.java:123)
	at app//org.junit.platform.engine.support.hierarchical.ThrowableCollector.execute(ThrowableCollector.java:73)
	at app//org.junit.platform.engine.support.hierarchical.NodeTestTask.executeRecursively(NodeTestTask.java:122)
	at app//org.junit.platform.engine.support.hierarchical.NodeTestTask.execute(NodeTestTask.java:80)
	at app//org.junit.platform.engine.support.hierarchical.SameThreadHierarchicalTestExecutorService.submit(SameThreadHierarchicalTestExecutorService.java:32)
	at app//org.junit.platform.engine.support.hierarchical.HierarchicalTestExecutor.execute(HierarchicalTestExecutor.java:57)
	at app//org.junit.platform.engine.support.hierarchical.HierarchicalTestEngine.execute(HierarchicalTestEngine.java:51)
	at org.junit.platform.launcher.core.EngineExecutionOrchestrator.execute(EngineExecutionOrchestrator.java:108)
	at org.junit.platform.launcher.core.EngineExecutionOrchestrator.execute(EngineExecutionOrchestrator.java:88)
	at org.junit.platform.launcher.core.EngineExecutionOrchestrator.lambda$execute$0(EngineExecutionOrchestrator.java:54)
	at org.junit.platform.launcher.core.EngineExecutionOrchestrator.withInterceptedStreams(EngineExecutionOrchestrator.java:67)
	at org.junit.platform.launcher.core.EngineExecutionOrchestrator.execute(EngineExecutionOrchestrator.java:52)
	at org.junit.platform.launcher.core.DefaultLauncher.execute(DefaultLauncher.java:96)
	at org.junit.platform.launcher.core.DefaultLauncher.execute(DefaultLauncher.java:75)
	at org.gradle.api.internal.tasks.testing.junitplatform.JUnitPlatformTestClassProcessor$CollectAllTestClassesExecutor.processAllTestClasses(JUnitPlatformTestClassProcessor.java:99)
	at org.gradle.api.internal.tasks.testing.junitplatform.JUnitPlatformTestClassProcessor$CollectAllTestClassesExecutor.access$000(JUnitPlatformTestClassProcessor.java:79)
	at org.gradle.api.internal.tasks.testing.junitplatform.JUnitPlatformTestClassProcessor.stop(JUnitPlatformTestClassProcessor.java:75)
	at org.gradle.api.internal.tasks.testing.SuiteTestClassProcessor.stop(SuiteTestClassProcessor.java:61)
	at java.base@17.0.4.1/jdk.internal.reflect.NativeMethodAccessorImpl.invoke0(Native Method)
	at java.base@17.0.4.1/jdk.internal.reflect.NativeMethodAccessorImpl.invoke(NativeMethodAccessorImpl.java:77)
	at java.base@17.0.4.1/jdk.internal.reflect.DelegatingMethodAccessorImpl.invoke(DelegatingMethodAccessorImpl.java:43)
	at java.base@17.0.4.1/java.lang.reflect.Method.invoke(Method.java:568)
	at org.gradle.internal.dispatch.ReflectionDispatch.dispatch(ReflectionDispatch.java:36)
	at org.gradle.internal.dispatch.ReflectionDispatch.dispatch(ReflectionDispatch.java:24)
	at org.gradle.internal.dispatch.ContextClassLoaderDispatch.dispatch(ContextClassLoaderDispatch.java:33)
	at org.gradle.internal.dispatch.ProxyDispatchAdapter$DispatchingInvocationHandler.invoke(ProxyDispatchAdapter.java:94)
	at jdk.proxy1/jdk.proxy1.$Proxy2.stop(Unknown Source)
	at org.gradle.api.internal.tasks.testing.worker.TestWorker$3.run(TestWorker.java:193)
	at org.gradle.api.internal.tasks.testing.worker.TestWorker.executeAndMaintainThreadName(TestWorker.java:129)
	at org.gradle.api.internal.tasks.testing.worker.TestWorker.execute(TestWorker.java:100)
	at org.gradle.api.internal.tasks.testing.worker.TestWorker.execute(TestWorker.java:60)
	at org.gradle.process.internal.worker.child.ActionExecutionWorker.execute(ActionExecutionWorker.java:56)
	at org.gradle.process.internal.worker.child.SystemApplicationClassLoaderWorker.call(SystemApplicationClassLoaderWorker.java:133)
	at org.gradle.process.internal.worker.child.SystemApplicationClassLoaderWorker.call(SystemApplicationClassLoaderWorker.java:71)
	at app//worker.org.gradle.process.internal.worker.GradleWorkerMain.run(GradleWorkerMain.java:69)
	at app//worker.org.gradle.process.internal.worker.GradleWorkerMain.main(GradleWorkerMain.java:74)
</failure>
  </testcase>
  <testcase name="convertInputTo2DListTest()" classname="TreehouseTest" time="0.004">
    <failure message="org.opentest4j.AssertionFailedError: expected: &lt;[[3, 0, 3, 7, 3], [2, 5, 5, 1, 2], [6, 5, 3, 3, 2], [3, 3, 5, 4, 9], [3, 5, 3, 9, 0]]&gt; but was: &lt;[[2, 2, 2, 1, 1, 2, 2, 1, 2, 2, 1, 3, 0, 1, 2, 3, 0, 1, 2, 1, 1, 1, 3, 4, 2, 0, 0, 0, 0, 2, 0, 3, 2, 4, 2, 4, 3, 0, 1, 1, 4, 2, 1, 0, 2, 2, 3, 1, 5, 5, 3, 5, 1, 4, 4, 4, 3, 2, 0, 1, 3, 4, 1, 4, 0, 0, 2, 1, 2, 2, 3, 0, 2, 0, 4, 2, 3, 0, 4, 0, 1, 1, 2, 0, 3, 3, 0, 1, 3, 1, 2, 2, 0, 0, 2, 2, 2, 1, 0], [1, 0, 2, 1, 1, 2, 1, 1, 1, 2, 2, 2, 2, 3, 3, 1, 0, 1, 0, 3, 1, 4, 0, 2, 0, 1, 2, 4, 0, 3, 2, 0, 1, 2, 2, 2, 2, 1, 3, 4, 5, 5, 3, 1, 2, 4, 2, 2, 4, 3, 2, 1, 4, 4, 4, 2, 2, 3, 1, 1, 1, 1, 2, 4, 2, 0, 0, 3, 4, 4, 2, 1, 0, 4, 3, 4, 4, 0, 0, 3, 4, 1, 1, 2, 1, 2, 0, 0, 3, 1, 0, 1, 1, 0, 0, 1, 1, 1, 1], [1, 0, 2, 1, 2, 2, 2, 2, 3, 0, 2, 3, 1, 3, 0, 3, 3, 1, 2, 3, 1, 2, 0, 3, 4, 4, 3, 3, 3, 4, 1, 2, 2, 2, 4, 2, 3, 2, 3, 3, 2, 2, 1, 3, 5, 3, 4, 1, 4, 5, 2, 2, 4, 5, 3, 5, 5, 5, 4, 3, 4, 1, 1, 4, 5, 3, 4, 4, 2, 1, 0, 2, 4, 1, 3, 4, 2, 2, 1, 1, 3, 1, 2, 0, 1, 2, 0, 0, 3, 2, 3, 3, 0, 2, 1, 0, 0, 2, 2], [1, 1, 0, 0, 0, 1, 2, 3, 1, 1, 0, 0, 0, 1, 1, 3, 3, 2, 2, 3, 4, 4, 1, 3, 0, 1, 3, 2, 1, 3, 0, 4, 5, 4, 4, 5, 2, 3, 3, 2, 1, 2, 2, 2, 5, 3, 4, 3, 2, 3, 3, 1, 5, 4, 5, 5, 3, 3, 3, 5, 2, 2, 2, 5, 4, 4, 3, 3, 4, 1, 3, 3, 3, 3, 1, 2, 1, 1, 0, 3, 2, 3, 3, 4, 1, 1, 0, 1, 0, 0, 2, 3, 3, 1, 0, 2, 2, 0, 1], [1, 1, 2, 1, 2, 0, 3, 1, 2, 0, 2, 3, 2, 1, 3, 2, 0, 3, 2, 3, 3, 2, 0, 3, 3, 0, 4, 0, 2, 2, 1, 3, 4, 3, 5, 5, 3, 1, 4, 2, 1, 1, 5, 3, 5, 3, 5, 1, 5, 3, 4, 5, 4, 4, 1, 4, 5, 4, 4, 2, 2, 4, 3, 3, 1, 5, 2, 3, 3, 4, 3, 2, 3, 4, 4, 1, 1, 2, 1, 1, 4, 4, 1, 4, 1, 2, 3, 1, 1, 1, 2, 0, 3, 3, 2, 0, 0, 2, 0], [0, 1, 1, 0, 0, 2, 3, 1, 3, 2, 3, 1, 3, 3, 2, 3, 2, 0, 3, 0, 3, 1, 1, 0, 0, 0, 0, 0, 4, 2, 4, 1, 2, 5, 3, 3, 1, 2, 3, 5, 4, 5, 3, 4, 2, 4, 3, 2, 5, 4, 5, 1, 3, 5, 5, 3, 3, 2, 3, 5, 2, 1, 1, 2, 1, 2, 3, 5, 2, 2, 3, 1, 1, 3, 0, 3, 4, 4, 4, 4, 4, 4, 0, 1, 3, 4, 2, 3, 2, 0, 1, 3, 0, 3, 2, 0, 1, 2, 1], [2, 0, 2, 2, 0, 0, 0, 0, 3, 0, 2, 3, 1, 3, 4, 1, 4, 1, 2, 4, 2, 3, 1, 2, 2, 1, 5, 4, 2, 2, 1, 2, 4, 5, 1, 1, 1, 3, 4, 3, 5, 4, 2, 3, 4, 4, 3, 1, 1, 5, 3, 4, 3, 4, 5, 3, 5, 4, 5, 2, 4, 2, 2, 1, 1, 4, 1, 5, 1, 5, 2, 2, 5, 1, 5, 0, 1, 4, 3, 2, 0, 0, 3, 1, 1, 1, 2, 0, 1, 1, 0, 3, 0, 2, 2, 1, 2, 1, 2], [1, 1, 3, 1, 0, 2, 1, 0, 2, 3, 3, 1, 3, 4, 2, 3, 2, 4, 1, 4, 1, 1, 1, 4, 5, 3, 1, 2, 3, 4, 3, 5, 2, 2, 3, 2, 2, 3, 5, 5, 5, 2, 5, 1, 3, 5, 2, 2, 2, 3, 2, 6, 3, 6, 5, 5, 4, 2, 3, 2, 2, 2, 1, 1, 1, 3, 5, 2, 1, 4, 1, 2, 2, 4, 5, 5, 4, 4, 1, 4, 3, 3, 0, 1, 4, 1, 0, 2, 4, 0, 1, 2, 2, 3, 0, 0, 3, 3, 3], [2, 1, 1, 0, 3, 3, 0, 0, 0, 3, 1, 3, 4, 2, 4, 1, 4, 0, 3, 1, 0, 4, 4, 2, 5, 4, 4, 5, 4, 1, 5, 4, 4, 5, 3, 4, 3, 2, 4, 2, 6, 6, 4, 4, 4, 5, 3, 6, 3, 3, 6, 4, 3, 6, 6, 5, 5, 6, 3, 6, 5, 1, 4, 1, 2, 1, 1, 5, 4, 5, 5, 3, 3, 4, 4, 2, 2, 2, 2, 0, 1, 4, 2, 1, 1, 3, 4, 0, 1, 4, 2, 3, 1, 2, 2, 2, 3, 0, 2], [3, 3, 2, 0, 1, 1, 0, 3, 0, 3, 3, 2, 3, 0, 1, 0, 4, 4, 2, 2, 2, 1, 2, 2, 5, 3, 1, 5, 3, 1, 1, 4, 5, 4, 1, 4, 2, 4, 3, 6, 5, 6, 6, 6, 3, 5, 5, 5, 6, 3, 5, 2, 6, 4, 2, 2, 2, 5, 6, 3, 5, 3, 6, 4, 3, 3, 5, 5, 3, 5, 5, 4, 2, 3, 5, 4, 1, 5, 5, 3, 4, 1, 3, 3, 0, 2, 0, 0, 0, 2, 1, 0, 0, 1, 3, 3, 3, 0, 3], [0, 0, 3, 2, 0, 0, 2, 1, 0, 3, 4, 4, 3, 4, 4, 3, 1, 2, 2, 2, 2, 3, 4, 5, 2, 1, 2, 4, 5, 4, 3, 4, 1, 5, 5, 6, 5, 6, 5, 5, 2, 4, 2, 4, 5, 5, 5, 4, 6, 2, 5, 2, 4, 6, 6, 4, 6, 6, 4, 2, 2, 3, 3, 5, 3, 5, 6, 1, 3, 2, 3, 2, 4, 1, 1, 1, 1, 1, 3, 2, 2, 2, 0, 2, 4, 0, 4, 0, 0, 3, 0, 2, 1, 1, 3, 1, 0, 3, 3], [2, 1, 2, 2, 0, 2, 2, 1, 2, 3, 0, 2, 4, 0, 2, 4, 2, 4, 3, 2, 5, 5, 5, 2, 2, 3, 3, 4, 1, 3, 3, 4, 4, 5, 6, 6, 5, 5, 4, 4, 2, 3, 3, 6, 3, 5, 2, 2, 4, 5, 4, 6, 2, 4, 6, 2, 5, 3, 3, 4, 6, 3, 4, 4, 6, 2, 2, 4, 4, 4, 1, 2, 1, 4, 2, 3, 1, 4, 4, 1, 2, 2, 2, 3, 2, 3, 3, 0, 0, 4, 1, 2, 3, 1, 0, 3, 2, 2, 2], [2, 3, 1, 1, 3, 3, 1, 1, 1, 4, 1, 4, 1, 1, 1, 0, 0, 2, 3, 3, 4, 4, 2, 5, 5, 2, 1, 3, 2, 2, 4, 4, 6, 2, 3, 3, 5, 3, 5, 2, 2, 2, 3, 2, 6, 4, 6, 4, 2, 4, 2, 5, 3, 4, 5, 5, 2, 6, 4, 3, 6, 3, 4, 3, 6, 5, 4, 6, 5, 2, 3, 2, 4, 1, 3, 2, 2, 1, 5, 2, 3, 2, 4, 2, 3, 1, 2, 0, 0, 3, 1, 2, 3, 1, 3, 2, 2, 0, 1], [3, 1, 3, 2, 2, 3, 1, 2, 0, 3, 4, 0, 0, 0, 2, 4, 3, 2, 1, 3, 1, 5, 2, 3, 1, 3, 2, 3, 2, 5, 2, 3, 4, 6, 6, 5, 4, 5, 2, 6, 6, 3, 3, 4, 3, 2, 6, 5, 3, 4, 6, 4, 6, 3, 2, 2, 4, 4, 2, 5, 3, 5, 2, 2, 4, 4, 2, 3, 3, 4, 3, 2, 4, 1, 4, 4, 2, 5, 1, 4, 5, 2, 5, 1, 4, 0, 2, 3, 2, 1, 0, 4, 0, 0, 2, 2, 3, 3, 2], [1, 1, 0, 2, 3, 1, 0, 1, 1, 4, 2, 3, 2, 0, 0, 2, 2, 5, 5, 4, 3, 2, 2, 2, 4, 3, 3, 6, 3, 6, 5, 5, 5, 2, 5, 6, 5, 4, 3, 4, 5, 5, 2, 5, 5, 3, 2, 3, 6, 7, 5, 3, 3, 2, 2, 5, 4, 6, 4, 5, 3, 2, 2, 6, 4, 5, 5, 6, 3, 3, 5, 3, 6, 4, 2, 1, 3, 5, 1, 5, 2, 1, 3, 2, 4, 3, 1, 1, 1, 2, 2, 2, 0, 3, 4, 0, 3, 0, 3], [0, 1, 3, 0, 3, 3, 0, 4, 1, 3, 3, 4, 0, 3, 4, 2, 3, 2, 1, 3, 3, 1, 2, 5, 1, 3, 6, 6, 6, 3, 6, 6, 2, 2, 6, 2, 6, 4, 6, 6, 5, 6, 3, 4, 3, 7, 6, 3, 3, 6, 5, 5, 3, 7, 6, 3, 3, 7, 7, 6, 2, 6, 6, 6, 4, 6, 6, 4, 2, 5, 6, 5, 4, 2, 5, 4, 3, 1, 5, 5, 3, 2, 5, 2, 1, 5, 4, 0, 4, 2, 0, 0, 3, 2, 2, 2, 3, 2, 0], [2, 1, 1, 1, 2, 4, 2, 1, 2, 4, 0, 2, 3, 1, 1, 2, 4, 1, 3, 4, 1, 4, 3, 2, 5, 5, 2, 5, 4, 6, 2, 3, 5, 5, 2, 3, 4, 5, 5, 6, 7, 5, 7, 6, 6, 6, 5, 4, 3, 6, 7, 6, 7, 7, 5, 6, 3, 4, 4, 6, 3, 6, 6, 2, 6, 5, 5, 6, 3, 4, 5, 2, 6, 2, 3, 5, 4, 4, 4, 1, 1, 1, 3, 1, 3, 2, 2, 3, 2, 0, 3, 2, 4, 1, 0, 4, 1, 1, 2], [3, 1, 1, 0, 1, 2, 1, 4, 1, 0, 3, 0, 4, 5, 2, 4, 5, 5, 1, 1, 3, 5, 3, 6, 4, 3, 3, 3, 3, 4, 5, 6, 4, 6, 3, 4, 7, 5, 6, 3, 6, 7, 3, 7, 6, 4, 3, 6, 3, 7, 3, 7, 6, 5, 4, 5, 4, 6, 5, 6, 6, 6, 4, 5, 3, 6, 2, 2, 5, 4, 6, 5, 3, 3, 4, 6, 2, 3, 1, 4, 1, 1, 4, 1, 5, 1, 3, 5, 2, 3, 2, 0, 2, 2, 4, 2, 3, 3, 0], [0, 1, 2, 3, 0, 1, 1, 0, 1, 4, 4, 5, 2, 2, 3, 1, 2, 5, 1, 5, 4, 5, 4, 5, 3, 5, 3, 3, 3, 4, 2, 4, 3, 4, 5, 7, 4, 4, 7, 5, 6, 5, 4, 4, 4, 4, 7, 7, 7, 7, 5, 6, 4, 4, 7, 5, 3, 4, 6, 7, 6, 7, 5, 3, 3, 3, 5, 2, 6, 2, 5, 5, 3, 4, 3, 3, 6, 3, 2, 5, 2, 1, 2, 4, 2, 1, 3, 4, 1, 3, 3, 3, 4, 1, 2, 0, 1, 0, 3], [2, 3, 3, 3, 2, 1, 3, 4, 2, 0, 4, 4, 5, 3, 4, 1, 5, 4, 3, 2, 6, 3, 6, 5, 6, 2, 3, 6, 2, 4, 6, 3, 5, 7, 5, 7, 7, 3, 7, 3, 3, 6, 3, 3, 3, 3, 6, 5, 4, 6, 7, 4, 7, 7, 3, 6, 4, 5, 7, 6, 3, 5, 5, 4, 5, 6, 3, 3, 4, 5, 2, 3, 4, 5, 5, 4, 2, 2, 6, 4, 4, 5, 3, 1, 4, 2, 3, 2, 1, 4, 1, 4, 2, 2, 2, 4, 2, 2, 4], [3, 0, 1, 4, 0, 2, 3, 1, 1, 4, 2, 1, 4, 5, 1, 1, 4, 1, 5, 4, 3, 6, 6, 5, 3, 2, 3, 2, 2, 2, 6, 7, 5, 3, 3, 3, 5, 4, 4, 5, 4, 5, 3, 7, 3, 3, 6, 5, 7, 5, 7, 7, 6, 7, 4, 3, 6, 4, 3, 6, 3, 7, 7, 5, 6, 4, 6, 6, 3, 6, 7, 2, 6, 4, 3, 4, 5, 5, 3, 2, 5, 5, 4, 4, 3, 4, 5, 5, 5, 5, 3, 4, 3, 0, 4, 0, 0, 0, 1], [3, 0, 4, 4, 2, 3, 0, 2, 1, 2, 5, 3, 5, 5, 1, 1, 2, 4, 5, 6, 6, 5, 3, 4, 2, 5, 5, 3, 6, 3, 6, 7, 5, 5, 7, 6, 6, 4, 6, 6, 7, 5, 5, 7, 6, 4, 6, 6, 5, 5, 7, 4, 5, 5, 4, 3, 7, 7, 3, 7, 4, 4, 4, 7, 3, 7, 7, 4, 7, 5, 3, 7, 6, 4, 6, 4, 4, 3, 2, 2, 3, 3, 4, 1, 2, 5, 1, 5, 2, 2, 5, 2, 2, 2, 3, 0, 0, 0, 1], [4, 0, 2, 3, 0, 3, 1, 1, 3, 5, 3, 1, 2, 5, 2, 1, 1, 2, 5, 6, 5, 3, 3, 2, 3, 2, 2, 4, 3, 7, 4, 4, 4, 4, 4, 4, 7, 3, 3, 6, 7, 3, 5, 3, 5, 7, 4, 4, 6, 6, 5, 5, 6, 4, 7, 7, 7, 3, 6, 3, 5, 5, 3, 7, 5, 7, 7, 5, 3, 5, 3, 6, 5, 4, 5, 4, 5, 3, 4, 3, 5, 3, 6, 1, 3, 1, 5, 2, 5, 1, 2, 3, 1, 0, 2, 2, 2, 0, 1], [3, 4, 3, 1, 1, 3, 1, 3, 2, 2, 4, 3, 2, 3, 4, 2, 3, 2, 4, 4, 2, 5, 5, 2, 4, 2, 3, 6, 7, 7, 3, 4, 3, 6, 6, 5, 6, 4, 6, 7, 4, 5, 7, 5, 5, 4, 5, 4, 5, 5, 8, 8, 7, 5, 7, 6, 8, 6, 7, 8, 4, 4, 4, 3, 4, 5, 6, 5, 6, 4, 7, 5, 4, 7, 3, 4, 5, 5, 6, 4, 3, 6, 6, 6, 5, 5, 2, 2, 5, 4, 2, 1, 5, 4, 3, 2, 2, 0, 1], [0, 0, 1, 1, 3, 1, 0, 3, 4, 1, 1, 2, 1, 3, 1, 5, 2, 4, 4, 5, 2, 3, 2, 6, 6, 5, 7, 6, 5, 3, 3, 5, 4, 7, 6, 5, 3, 3, 8, 5, 6, 7, 7, 8, 4, 7, 6, 8, 5, 6, 6, 6, 4, 7, 7, 4, 4, 6, 6, 6, 8, 7, 5, 3, 5, 7, 4, 3, 3, 3, 5, 7, 4, 7, 3, 4, 4, 3, 5, 2, 2, 3, 4, 4, 2, 2, 5, 2, 4, 3, 3, 1, 3, 2, 4, 4, 2, 1, 3], [1, 2, 2, 0, 2, 3, 3, 1, 1, 4, 3, 3, 4, 4, 2, 6, 3, 3, 5, 5, 3, 4, 4, 3, 2, 4, 5, 5, 5, 6, 4, 4, 4, 6, 3, 3, 4, 8, 7, 4, 8, 4, 7, 8, 8, 5, 8, 5, 7, 8, 7, 4, 7, 4, 7, 5, 6, 8, 7, 6, 7, 7, 4, 5, 6, 6, 4, 5, 6, 6, 6, 3, 4, 6, 5, 4, 3, 4, 6, 5, 6, 4, 4, 6, 2, 2, 1, 3, 1, 4, 3, 1, 5, 2, 3, 4, 0, 0, 3], [2, 1, 0, 4, 0, 2, 4, 1, 5, 5, 5, 2, 5, 2, 6, 5, 6, 6, 5, 6, 3, 5, 3, 2, 7, 5, 6, 7, 5, 4, 3, 3, 4, 5, 4, 8, 4, 6, 5, 4, 4, 4, 4, 7, 7, 5, 6, 6, 8, 7, 8, 7, 7, 7, 6, 5, 6, 6, 8, 4, 7, 5, 5, 7, 7, 8, 8, 5, 4, 6, 3, 6, 5, 5, 4, 4, 4, 3, 4, 4, 4, 5, 5, 2, 6, 2, 3, 2, 5, 5, 4, 2, 1, 5, 1, 0, 3, 3, 3], [0, 1, 2, 0, 0, 1, 2, 1, 4, 4, 3, 2, 2, 5, 6, 4, 6, 4, 3, 2, 4, 2, 2, 5, 4, 6, 5, 6, 3, 5, 5, 6, 5, 5, 8, 8, 6, 7, 7, 7, 4, 6, 8, 5, 5, 7, 5, 5, 4, 7, 6, 5, 5, 7, 8, 8, 7, 4, 6, 5, 4, 4, 6, 8, 5, 5, 5, 8, 7, 3, 3, 7, 6, 6, 5, 3, 3, 3, 2, 4, 6, 3, 3, 4, 3, 3, 3, 1, 1, 5, 5, 5, 5, 3, 1, 4, 4, 1, 2], [2, 2, 2, 1, 3, 2, 5, 4, 3, 3, 1, 3, 5, 6, 2, 3, 2, 2, 2, 2, 4, 6, 5, 7, 5, 6, 3, 7, 3, 6, 7, 4, 8, 8, 8, 6, 8, 7, 7, 5, 5, 7, 5, 6, 4, 7, 4, 5, 8, 5, 6, 5, 4, 4, 7, 7, 4, 5, 8, 4, 7, 6, 6, 4, 4, 6, 5, 8, 4, 7, 3, 7, 6, 7, 5, 6, 7, 5, 6, 5, 5, 4, 2, 6, 5, 2, 2, 6, 5, 2, 4, 4, 2, 2, 1, 4, 3, 2, 0], [4, 2, 3, 2, 1, 4, 3, 5, 1, 3, 3, 4, 2, 6, 3, 6, 2, 6, 3, 6, 4, 6, 7, 6, 6, 7, 7, 7, 4, 4, 3, 8, 5, 7, 8, 8, 8, 7, 6, 4, 8, 8, 8, 5, 6, 6, 7, 9, 8, 6, 5, 7, 6, 9, 5, 7, 7, 5, 5, 4, 5, 4, 8, 5, 5, 8, 5, 7, 6, 8, 4, 5, 6, 3, 4, 3, 7, 6, 7, 3, 5, 6, 4, 5, 2, 4, 3, 4, 1, 2, 2, 4, 1, 3, 1, 4, 4, 4, 0], [2, 0, 0, 3, 5, 2, 4, 2, 4, 1, 2, 1, 4, 5, 2, 2, 3, 5, 6, 4, 3, 4, 5, 4, 4, 7, 3, 3, 3, 3, 7, 4, 4, 7, 7, 6, 4, 7, 8, 6, 5, 7, 7, 5, 8, 5, 8, 9, 7, 9, 7, 6, 8, 9, 5, 7, 7, 7, 6, 8, 7, 7, 5, 5, 5, 5, 7, 6, 6, 7, 5, 7, 5, 7, 5, 4, 5, 7, 6, 6, 6, 5, 2, 4, 4, 6, 3, 2, 6, 5, 1, 3, 4, 1, 3, 2, 1, 1, 3], [3, 3, 3, 3, 1, 5, 3, 2, 3, 4, 3, 5, 2, 3, 5, 2, 6, 3, 2, 2, 4, 3, 6, 3, 6, 5, 6, 5, 5, 8, 5, 8, 7, 4, 5, 6, 8, 6, 4, 8, 7, 5, 6, 8, 6, 8, 9, 8, 9, 5, 7, 6, 7, 5, 6, 6, 6, 6, 9, 9, 8, 4, 4, 7, 6, 8, 8, 7, 7, 8, 5, 7, 4, 3, 6, 4, 3, 7, 4, 3, 3, 5, 4, 5, 3, 6, 5, 2, 2, 2, 2, 3, 4, 3, 4, 1, 5, 4, 1], [4, 4, 0, 5, 3, 4, 5, 3, 5, 5, 5, 6, 5, 4, 2, 6, 3, 6, 3, 7, 5, 5, 6, 6, 7, 4, 3, 5, 7, 6, 4, 8, 8, 6, 6, 4, 7, 6, 6, 5, 8, 7, 8, 9, 9, 7, 5, 7, 9, 9, 7, 9, 9, 5, 9, 8, 6, 5, 9, 5, 9, 9, 8, 5, 7, 6, 8, 4, 6, 6, 7, 5, 5, 4, 3, 4, 4, 4, 5, 3, 5, 7, 5, 4, 2, 2, 5, 2, 4, 4, 2, 1, 5, 1, 3, 4, 5, 5, 4], [0, 2, 4, 2, 3, 1, 4, 2, 4, 2, 4, 2, 3, 5, 2, 6, 5, 3, 6, 5, 3, 3, 6, 6, 7, 3, 6, 6, 4, 8, 7, 4, 8, 6, 5, 5, 8, 7, 9, 9, 7, 7, 9, 9, 7, 5, 8, 9, 9, 6, 5, 5, 9, 5, 7, 6, 9, 7, 8, 6, 5, 9, 9, 7, 6, 7, 8, 6, 7, 4, 7, 5, 4, 8, 4, 6, 6, 3, 3, 3, 6, 5, 6, 2, 3, 5, 3, 6, 6, 3, 4, 3, 4, 3, 5, 2, 1, 5, 2], [3, 4, 3, 2, 1, 3, 4, 4, 3, 1, 2, 6, 6, 5, 4, 4, 4, 6, 3, 6, 7, 3, 4, 7, 4, 3, 6, 5, 4, 8, 4, 6, 7, 6, 6, 6, 5, 9, 8, 6, 7, 7, 5, 5, 6, 9, 8, 7, 5, 7, 7, 7, 9, 7, 9, 6, 8, 6, 6, 7, 9, 5, 7, 9, 9, 8, 4, 6, 6, 8, 7, 5, 5, 6, 6, 5, 3, 5, 7, 5, 6, 6, 4, 6, 6, 2, 5, 5, 6, 4, 6, 2, 5, 4, 2, 1, 2, 2, 3], [3, 0, 5, 4, 4, 2, 4, 2, 4, 3, 4, 6, 2, 2, 5, 5, 5, 3, 4, 5, 5, 3, 4, 3, 4, 4, 4, 6, 7, 7, 5, 5, 8, 7, 8, 6, 6, 5, 7, 8, 5, 5, 9, 8, 7, 7, 8, 7, 5, 9, 5, 9, 8, 7, 8, 5, 9, 7, 6, 7, 7, 6, 9, 5, 6, 5, 5, 4, 8, 7, 7, 6, 7, 8, 4, 7, 6, 3, 3, 6, 4, 3, 4, 6, 4, 4, 4, 5, 4, 4, 5, 1, 4, 3, 5, 4, 5, 2, 1], [0, 4, 4, 5, 4, 2, 5, 1, 3, 4, 6, 3, 5, 4, 2, 5, 4, 4, 5, 3, 6, 5, 7, 6, 7, 6, 6, 6, 4, 6, 7, 6, 5, 8, 6, 7, 8, 5, 5, 9, 5, 5, 6, 7, 5, 9, 5, 8, 6, 8, 6, 8, 9, 6, 5, 8, 5, 9, 8, 7, 6, 6, 7, 6, 5, 5, 7, 8, 6, 8, 6, 4, 4, 8, 8, 8, 7, 4, 4, 6, 7, 5, 7, 3, 6, 4, 3, 5, 3, 2, 2, 2, 5, 3, 1, 4, 4, 3, 4], [3, 3, 3, 3, 2, 3, 5, 5, 5, 5, 2, 5, 5, 3, 4, 3, 6, 3, 3, 6, 7, 4, 6, 6, 3, 7, 8, 7, 4, 6, 4, 5, 6, 7, 5, 5, 9, 9, 9, 5, 9, 7, 6, 6, 8, 9, 7, 8, 9, 7, 6, 8, 8, 6, 9, 8, 6, 9, 9, 5, 5, 7, 8, 8, 6, 8, 9, 7, 8, 5, 7, 5, 4, 5, 7, 5, 4, 7, 7, 6, 5, 4, 3, 4, 5, 3, 4, 3, 4, 4, 5, 3, 1, 3, 4, 2, 4, 1, 4], [1, 3, 2, 1, 4, 4, 5, 1, 2, 4, 2, 4, 6, 2, 4, 5, 4, 3, 7, 6, 7, 4, 3, 3, 7, 8, 7, 6, 8, 7, 8, 6, 9, 8, 8, 7, 9, 5, 7, 5, 8, 9, 6, 9, 9, 6, 9, 9, 8, 8, 9, 7, 7, 9, 9, 9, 9, 9, 6, 6, 9, 6, 5, 9, 7, 8, 7, 8, 5, 8, 4, 6, 8, 7, 8, 6, 6, 7, 7, 6, 7, 4, 3, 5, 4, 5, 2, 4, 2, 6, 2, 4, 4, 3, 1, 3, 4, 1, 4], [4, 3, 3, 3, 1, 5, 5, 5, 4, 3, 4, 6, 2, 6, 5, 3, 5, 5, 4, 3, 6, 5, 7, 4, 7, 8, 6, 7, 5, 8, 8, 6, 8, 5, 8, 7, 5, 5, 9, 8, 5, 9, 8, 6, 8, 8, 8, 6, 9, 7, 7, 8, 9, 6, 9, 6, 6, 6, 9, 8, 9, 6, 6, 9, 5, 8, 7, 5, 6, 6, 8, 5, 8, 8, 5, 5, 7, 3, 7, 6, 3, 4, 5, 3, 3, 4, 4, 3, 4, 6, 5, 4, 1, 1, 5, 1, 3, 1, 4], [4, 1, 3, 5, 1, 3, 5, 1, 6, 3, 3, 6, 5, 4, 3, 6, 4, 5, 5, 6, 3, 3, 3, 7, 7, 5, 7, 7, 4, 4, 4, 8, 6, 9, 9, 9, 9, 8, 5, 9, 6, 6, 8, 7, 6, 9, 6, 9, 9, 9, 6, 9, 9, 8, 9, 8, 7, 7, 7, 9, 7, 9, 6, 7, 9, 6, 9, 5, 7, 8, 7, 6, 6, 8, 7, 6, 5, 4, 4, 4, 6, 3, 6, 6, 4, 4, 3, 5, 6, 2, 2, 5, 5, 1, 5, 5, 5, 5, 2], [0, 5, 3, 5, 3, 3, 3, 1, 6, 5, 4, 5, 3, 4, 2, 5, 5, 3, 3, 5, 7, 4, 4, 8, 5, 5, 8, 7, 4, 5, 6, 7, 9, 9, 9, 8, 8, 9, 5, 6, 9, 7, 8, 6, 8, 9, 6, 8, 6, 8, 6, 9, 8, 6, 6, 6, 8, 7, 6, 6, 6, 9, 5, 7, 5, 5, 8, 5, 9, 5, 5, 5, 6, 7, 5, 6, 8, 4, 3, 4, 5, 4, 4, 6, 6, 6, 3, 3, 2, 5, 3, 2, 6, 2, 4, 1, 3, 1, 5], [4, 5, 2, 2, 5, 5, 2, 1, 3, 2, 5, 6, 2, 2, 4, 7, 6, 4, 6, 7, 7, 6, 3, 4, 8, 8, 5, 8, 8, 4, 8, 8, 7, 6, 6, 8, 8, 9, 6, 9, 8, 7, 7, 6, 9, 8, 8, 6, 7, 9, 8, 9, 8, 9, 8, 9, 8, 7, 9, 6, 8, 7, 8, 6, 9, 6, 9, 7, 6, 8, 8, 8, 5, 8, 5, 7, 7, 5, 6, 5, 5, 4, 6, 4, 5, 7, 3, 5, 3, 5, 2, 6, 2, 3, 2, 3, 4, 1, 3], [0, 5, 3, 2, 5, 1, 2, 5, 3, 2, 6, 5, 2, 4, 2, 3, 3, 7, 3, 6, 5, 6, 7, 7, 8, 6, 5, 4, 5, 5, 9, 5, 5, 6, 5, 9, 8, 8, 9, 6, 8, 8, 8, 9, 6, 7, 9, 6, 6, 7, 8, 7, 6, 7, 8, 7, 9, 9, 6, 9, 8, 6, 9, 8, 9, 9, 8, 6, 7, 7, 9, 4, 8, 7, 8, 7, 4, 8, 7, 6, 5, 5, 4, 5, 5, 6, 4, 4, 5, 2, 5, 4, 2, 2, 1, 2, 2, 5, 3], [4, 3, 2, 5, 5, 5, 2, 5, 5, 4, 3, 5, 5, 2, 3, 4, 5, 4, 4, 5, 6, 4, 5, 8, 6, 7, 5, 7, 6, 6, 7, 6, 6, 5, 9, 7, 7, 9, 9, 7, 9, 9, 9, 8, 9, 7, 9, 8, 7, 8, 7, 8, 7, 7, 9, 9, 8, 9, 6, 9, 7, 9, 9, 8, 5, 8, 8, 7, 9, 9, 7, 7, 4, 4, 7, 4, 8, 8, 8, 3, 5, 3, 3, 6, 7, 4, 2, 5, 2, 6, 6, 6, 5, 5, 1, 1, 5, 4, 1], [2, 4, 1, 2, 5, 4, 4, 2, 5, 5, 6, 6, 6, 4, 4, 5, 7, 6, 5, 3, 6, 5, 4, 5, 6, 4, 5, 4, 7, 8, 7, 5, 5, 9, 8, 7, 5, 6, 7, 9, 6, 9, 6, 9, 8, 9, 8, 7, 9, 7, 8, 9, 8, 7, 9, 8, 6, 8, 6, 7, 6, 9, 9, 8, 7, 8, 9, 9, 8, 7, 7, 9, 6, 5, 7, 5, 6, 7, 7, 6, 5, 3, 7, 4, 5, 5, 4, 6, 3, 2, 2, 5, 5, 3, 5, 2, 2, 3, 1], [2, 1, 2, 2, 5, 1, 2, 4, 3, 4, 5, 4, 5, 3, 2, 5, 7, 4, 3, 3, 6, 5, 7, 4, 7, 5, 4, 4, 6, 5, 5, 5, 9, 5, 6, 5, 9, 8, 9, 9, 9, 8, 6, 7, 8, 9, 9, 9, 9, 8, 9, 8, 9, 7, 7, 9, 7, 6, 7, 9, 9, 8, 9, 9, 6, 5, 9, 8, 6, 7, 8, 9, 4, 4, 7, 4, 8, 4, 7, 7, 7, 7, 3, 5, 5, 5, 6, 6, 4, 5, 3, 5, 4, 2, 4, 1, 4, 3, 2], [3, 5, 1, 5, 5, 4, 4, 5, 3, 3, 4, 6, 3, 6, 6, 5, 6, 4, 7, 4, 4, 6, 4, 4, 7, 8, 7, 7, 8, 9, 7, 6, 7, 9, 6, 8, 8, 6, 7, 8, 6, 6, 9, 9, 8, 8, 8, 9, 8, 9, 8, 7, 7, 7, 8, 8, 7, 8, 8, 6, 6, 8, 9, 8, 6, 8, 6, 7, 6, 9, 5, 7, 5, 8, 8, 4, 6, 5, 6, 7, 5, 6, 4, 6, 4, 3, 4, 4, 3, 2, 3, 2, 5, 6, 4, 1, 1, 5, 5], [2, 3, 3, 5, 1, 1, 1, 4, 4, 5, 6, 5, 3, 5, 5, 3, 5, 7, 6, 3, 7, 6, 7, 5, 4, 6, 7, 6, 4, 5, 7, 5, 8, 8, 8, 8, 9, 8, 9, 9, 8, 6, 7, 6, 7, 8, 8, 8, 9, 9, 8, 7, 9, 8, 7, 9, 9, 7, 7, 7, 9, 8, 6, 9, 9, 9, 8, 6, 6, 9, 9, 9, 5, 8, 4, 4, 8, 6, 7, 3, 6, 7, 7, 7, 4, 4, 5, 5, 2, 6, 6, 3, 4, 4, 1, 5, 4, 1, 1], [5, 5, 2, 5, 5, 1, 2, 3, 3, 4, 4, 3, 2, 4, 3, 5, 7, 3, 6, 5, 5, 7, 7, 7, 5, 7, 7, 7, 8, 9, 5, 8, 5, 6, 8, 7, 7, 8, 9, 6, 6, 9, 8, 7, 9, 7, 8, 9, 8, 7, 7, 7, 8, 7, 8, 7, 7, 7, 9, 7, 6, 9, 8, 8, 7, 6, 7, 7, 6, 5, 7, 9, 7, 8, 8, 8, 7, 7, 4, 4, 4, 6, 7, 3, 4, 3, 7, 5, 3, 4, 3, 2, 4, 5, 2, 5, 4, 3, 5], [1, 4, 3, 2, 3, 2, 5, 6, 6, 3, 4, 5, 5, 2, 3, 6, 6, 5, 7, 5, 7, 7, 5, 4, 5, 6, 5, 5, 4, 5, 6, 6, 7, 8, 6, 7, 7, 7, 7, 8, 7, 7, 8, 9, 7, 7, 8, 8, 9, 8, 8, 7, 8, 7, 8, 9, 9, 8, 9, 6, 6, 8, 6, 9, 9, 8, 9, 9, 5, 5, 8, 7, 5, 4, 7, 8, 7, 8, 7, 6, 6, 7, 7, 4, 5, 5, 5, 6, 5, 6, 6, 3, 6, 5, 3, 4, 1, 3, 5], [4, 3, 3, 5, 4, 1, 5, 5, 3, 3, 6, 3, 5, 2, 3, 3, 5, 5, 6, 5, 6, 6, 6, 8, 6, 7, 5, 5, 7, 6, 5, 5, 6, 5, 8, 6, 9, 6, 9, 8, 7, 6, 7, 8, 8, 9, 8, 8, 9, 9, 9, 8, 9, 9, 7, 7, 9, 8, 6, 7, 7, 9, 8, 9, 6, 5, 6, 7, 8, 5, 5, 5, 4, 6, 8, 4, 8, 6, 5, 7, 5, 3, 5, 4, 4, 5, 6, 5, 3, 5, 4, 2, 5, 5, 1, 5, 5, 5, 5], [3, 4, 4, 2, 1, 2, 4, 5, 4, 4, 4, 6, 3, 3, 7, 5, 4, 7, 7, 7, 4, 4, 6, 8, 6, 6, 4, 5, 7, 8, 5, 7, 5, 5, 6, 6, 8, 9, 9, 7, 8, 9, 8, 9, 7, 7, 9, 9, 7, 7, 9, 8, 7, 7, 9, 7, 8, 8, 8, 8, 6, 8, 9, 6, 6, 8, 7, 5, 5, 6, 6, 8, 7, 4, 7, 4, 4, 8, 8, 6, 6, 4, 6, 7, 3, 6, 5, 3, 2, 2, 2, 6, 3, 2, 4, 3, 5, 5, 1], [5, 5, 2, 4, 5, 5, 4, 3, 2, 5, 2, 4, 2, 6, 2, 3, 7, 6, 7, 7, 3, 3, 8, 4, 6, 5, 4, 6, 4, 5, 5, 7, 6, 7, 6, 7, 8, 6, 6, 7, 9, 6, 9, 7, 7, 9, 7, 8, 8, 7, 9, 8, 9, 8, 7, 7, 8, 6, 7, 8, 8, 6, 6, 9, 6, 7, 8, 8, 9, 6, 8, 6, 6, 8, 8, 7, 6, 6, 4, 3, 4, 4, 4, 3, 6, 7, 5, 2, 6, 5, 3, 3, 6, 6, 1, 5, 2, 5, 1], [1, 3, 5, 5, 3, 5, 1, 5, 5, 6, 2, 3, 5, 2, 2, 7, 5, 3, 7, 4, 4, 5, 4, 7, 8, 7, 5, 5, 7, 7, 5, 5, 7, 6, 8, 7, 6, 6, 9, 6, 7, 6, 9, 6, 7, 8, 8, 8, 9, 9, 9, 9, 8, 8, 9, 9, 7, 9, 6, 6, 8, 6, 6, 6, 6, 5, 8, 8, 5, 7, 8, 7, 4, 5, 6, 7, 4, 8, 8, 7, 5, 4, 3, 5, 3, 6, 6, 5, 6, 2, 4, 2, 4, 5, 3, 4, 5, 3, 1], [2, 1, 5, 2, 3, 1, 1, 2, 4, 3, 2, 2, 4, 2, 6, 3, 3, 6, 7, 4, 5, 7, 5, 4, 4, 7, 5, 8, 4, 7, 5, 7, 9, 9, 8, 9, 5, 8, 6, 7, 6, 8, 7, 6, 9, 8, 9, 7, 7, 8, 9, 7, 7, 9, 9, 7, 9, 6, 6, 7, 9, 9, 6, 7, 9, 7, 5, 7, 5, 8, 7, 9, 6, 6, 8, 6, 4, 4, 6, 5, 6, 4, 5, 4, 7, 6, 3, 6, 4, 4, 4, 2, 5, 1, 2, 1, 4, 2, 2], [2, 1, 2, 3, 5, 3, 1, 5, 2, 2, 2, 5, 2, 6, 2, 6, 5, 6, 6, 7, 4, 6, 8, 8, 5, 5, 8, 4, 5, 5, 6, 7, 9, 5, 5, 6, 6, 7, 8, 7, 7, 8, 8, 7, 8, 9, 9, 9, 9, 8, 9, 9, 7, 8, 8, 9, 7, 9, 8, 8, 6, 8, 7, 6, 9, 5, 9, 7, 7, 8, 5, 5, 8, 4, 5, 8, 7, 5, 5, 4, 5, 3, 6, 5, 7, 3, 2, 5, 4, 6, 5, 4, 6, 2, 2, 1, 1, 5, 3], [3, 4, 2, 2, 1, 5, 1, 5, 6, 3, 5, 2, 3, 6, 6, 4, 7, 6, 4, 4, 7, 7, 6, 8, 6, 8, 6, 8, 4, 8, 9, 9, 5, 6, 7, 7, 6, 6, 6, 9, 6, 6, 8, 9, 8, 6, 9, 9, 6, 7, 8, 8, 7, 6, 9, 9, 8, 8, 9, 9, 7, 8, 8, 5, 5, 7, 8, 8, 5, 9, 8, 8, 6, 5, 4, 5, 5, 6, 5, 4, 3, 6, 3, 3, 7, 6, 4, 3, 3, 3, 3, 5, 2, 5, 5, 2, 2, 3, 3], [3, 2, 1, 5, 1, 5, 1, 4, 6, 5, 3, 6, 6, 2, 3, 3, 3, 4, 4, 4, 7, 4, 6, 8, 7, 8, 7, 6, 6, 4, 8, 5, 7, 6, 8, 9, 8, 8, 9, 7, 7, 8, 6, 7, 9, 8, 9, 7, 6, 8, 9, 7, 6, 7, 6, 6, 6, 6, 6, 6, 8, 7, 6, 9, 5, 9, 6, 5, 7, 6, 8, 7, 5, 5, 7, 8, 6, 8, 7, 3, 7, 4, 4, 3, 4, 6, 6, 3, 3, 5, 4, 3, 6, 2, 4, 5, 5, 1, 1], [0, 1, 3, 1, 1, 3, 2, 4, 4, 3, 3, 4, 3, 6, 3, 4, 5, 5, 5, 5, 7, 3, 4, 6, 8, 6, 8, 5, 8, 5, 4, 7, 6, 7, 8, 8, 7, 7, 7, 8, 9, 9, 6, 6, 9, 8, 8, 9, 8, 8, 9, 7, 8, 7, 8, 9, 6, 9, 7, 6, 9, 8, 6, 9, 9, 9, 7, 9, 8, 8, 5, 6, 6, 6, 5, 8, 4, 4, 3, 4, 4, 4, 3, 7, 5, 2, 2, 4, 6, 5, 5, 6, 4, 5, 4, 1, 4, 1, 3], [2, 5, 5, 1, 4, 3, 1, 1, 5, 5, 6, 5, 5, 6, 3, 6, 3, 3, 5, 5, 4, 6, 6, 6, 5, 4, 8, 7, 4, 7, 4, 6, 7, 8, 5, 6, 8, 5, 8, 7, 8, 7, 9, 7, 6, 7, 9, 9, 7, 9, 9, 8, 9, 6, 7, 8, 8, 8, 9, 8, 6, 5, 7, 5, 5, 7, 6, 8, 9, 8, 5, 5, 6, 5, 6, 4, 5, 7, 3, 3, 7, 3, 5, 6, 7, 5, 6, 4, 4, 2, 3, 6, 2, 1, 2, 3, 3, 1, 3], [0, 3, 1, 3, 3, 5, 3, 2, 4, 6, 5, 4, 6, 4, 6, 3, 4, 3, 3, 5, 3, 7, 6, 5, 7, 5, 4, 7, 5, 7, 5, 5, 9, 7, 8, 6, 9, 8, 8, 8, 9, 8, 7, 9, 9, 8, 7, 9, 7, 6, 6, 7, 7, 7, 8, 6, 9, 7, 6, 6, 9, 5, 7, 7, 6, 8, 6, 7, 8, 7, 8, 5, 7, 4, 4, 6, 4, 6, 7, 6, 3, 4, 4, 7, 5, 2, 2, 4, 3, 3, 3, 6, 5, 2, 2, 2, 4, 4, 2], [3, 5, 5, 1, 1, 4, 3, 4, 5, 5, 6, 6, 2, 6, 5, 5, 7, 4, 6, 5, 4, 4, 6, 6, 8, 4, 5, 4, 4, 4, 7, 4, 6, 6, 5, 5, 6, 9, 8, 7, 5, 8, 8, 6, 8, 6, 7, 9, 6, 7, 7, 9, 6, 7, 6, 6, 7, 9, 6, 5, 6, 8, 6, 5, 8, 7, 9, 9, 7, 4, 6, 7, 5, 5, 8, 8, 5, 7, 7, 5, 5, 6, 7, 6, 3, 5, 3, 5, 6, 3, 2, 6, 1, 5, 1, 2, 2, 1, 5], [2, 1, 1, 3, 3, 3, 3, 2, 5, 6, 2, 2, 6, 6, 5, 2, 6, 5, 4, 6, 7, 3, 7, 3, 4, 4, 4, 8, 8, 7, 5, 7, 6, 5, 9, 7, 8, 5, 9, 8, 6, 5, 9, 8, 9, 7, 8, 9, 9, 6, 8, 6, 6, 6, 9, 6, 7, 7, 8, 5, 9, 6, 5, 7, 5, 8, 6, 6, 5, 8, 4, 6, 7, 4, 4, 7, 6, 4, 7, 3, 5, 7, 3, 6, 5, 2, 2, 2, 6, 2, 6, 2, 4, 2, 2, 1, 4, 3, 3], [2, 0, 3, 5, 2, 5, 5, 2, 3, 3, 5, 4, 5, 4, 5, 5, 4, 5, 3, 5, 7, 4, 7, 7, 7, 5, 6, 7, 7, 7, 8, 5, 8, 4, 6, 8, 6, 7, 7, 9, 9, 7, 5, 5, 6, 5, 6, 7, 8, 7, 7, 6, 8, 9, 8, 8, 7, 9, 8, 6, 6, 9, 9, 9, 6, 8, 9, 6, 5, 4, 8, 5, 4, 8, 7, 5, 4, 4, 5, 3, 4, 3, 7, 7, 6, 2, 3, 3, 4, 3, 3, 1, 2, 4, 1, 2, 4, 1, 1], [0, 3, 5, 3, 5, 3, 1, 5, 4, 4, 6, 5, 2, 6, 2, 3, 4, 6, 6, 5, 3, 6, 3, 4, 6, 7, 4, 4, 8, 5, 6, 6, 7, 4, 6, 8, 6, 7, 5, 7, 8, 8, 9, 6, 5, 6, 7, 6, 8, 9, 9, 7, 5, 8, 6, 6, 6, 7, 5, 9, 6, 6, 6, 9, 8, 9, 7, 6, 5, 5, 4, 6, 6, 4, 8, 4, 5, 7, 6, 6, 5, 7, 6, 5, 4, 6, 3, 4, 5, 6, 3, 4, 3, 2, 1, 5, 2, 4, 5], [4, 4, 3, 5, 3, 2, 3, 2, 4, 4, 2, 2, 3, 6, 3, 3, 4, 3, 7, 6, 4, 5, 3, 3, 6, 5, 5, 6, 5, 5, 4, 6, 5, 4, 7, 5, 6, 9, 7, 6, 6, 7, 5, 5, 6, 8, 7, 6, 8, 9, 9, 8, 8, 6, 6, 5, 5, 7, 8, 6, 7, 8, 9, 6, 5, 5, 5, 4, 4, 6, 7, 7, 4, 6, 5, 7, 4, 4, 3, 3, 5, 5, 6, 5, 3, 6, 3, 5, 2, 2, 5, 3, 5, 3, 2, 3, 2, 2, 2], [0, 2, 3, 2, 2, 1, 2, 2, 2, 5, 4, 3, 6, 2, 4, 5, 6, 5, 3, 4, 3, 3, 6, 3, 3, 4, 6, 7, 7, 4, 5, 7, 6, 8, 8, 7, 8, 9, 6, 8, 9, 8, 6, 9, 9, 7, 5, 5, 6, 7, 6, 5, 5, 8, 5, 7, 5, 9, 8, 5, 6, 8, 6, 5, 6, 5, 4, 4, 8, 5, 7, 5, 8, 6, 5, 3, 4, 5, 5, 6, 6, 5, 2, 2, 4, 2, 3, 2, 3, 6, 4, 5, 1, 4, 2, 2, 2, 1, 2], [3, 4, 0, 2, 1, 2, 5, 2, 3, 1, 5, 5, 6, 4, 4, 5, 4, 3, 6, 7, 5, 7, 3, 4, 6, 6, 5, 4, 4, 6, 8, 6, 4, 6, 7, 5, 4, 8, 9, 8, 5, 8, 7, 6, 6, 9, 5, 8, 7, 6, 6, 6, 5, 5, 7, 6, 7, 5, 7, 6, 8, 5, 7, 7, 4, 8, 7, 6, 5, 7, 8, 7, 8, 4, 7, 6, 3, 4, 4, 5, 4, 4, 4, 2, 6, 4, 4, 3, 2, 4, 4, 5, 2, 4, 2, 2, 4, 4, 2], [3, 4, 0, 4, 3, 2, 3, 4, 4, 5, 2, 1, 3, 2, 2, 5, 6, 3, 5, 6, 4, 3, 5, 6, 3, 7, 7, 7, 5, 4, 4, 6, 6, 6, 5, 8, 5, 5, 6, 4, 5, 9, 7, 8, 5, 6, 5, 5, 6, 7, 9, 5, 9, 9, 6, 7, 6, 7, 5, 8, 9, 7, 4, 7, 4, 5, 6, 8, 7, 8, 6, 4, 7, 3, 3, 7, 5, 3, 5, 5, 3, 5, 3, 5, 3, 3, 2, 2, 3, 2, 5, 3, 3, 4, 5, 5, 1, 3, 1], [4, 2, 3, 2, 1, 5, 4, 4, 4, 3, 1, 4, 4, 6, 5, 4, 3, 3, 3, 6, 3, 5, 7, 4, 4, 6, 7, 7, 3, 7, 8, 4, 6, 7, 5, 6, 4, 6, 5, 4, 5, 8, 8, 7, 5, 5, 8, 7, 5, 7, 8, 7, 9, 8, 5, 8, 7, 7, 5, 5, 4, 4, 7, 6, 5, 4, 5, 8, 4, 4, 4, 6, 6, 6, 5, 7, 7, 7, 4, 3, 3, 4, 2, 5, 6, 5, 5, 6, 2, 3, 2, 2, 1, 4, 1, 5, 3, 3, 3], [2, 3, 1, 2, 4, 1, 1, 4, 2, 2, 1, 5, 3, 2, 3, 2, 4, 4, 5, 2, 6, 7, 7, 5, 3, 7, 7, 6, 6, 4, 4, 6, 4, 7, 4, 4, 5, 7, 7, 5, 5, 5, 4, 5, 4, 6, 7, 6, 9, 5, 9, 8, 8, 7, 5, 9, 4, 5, 5, 4, 7, 5, 6, 8, 5, 5, 7, 4, 4, 5, 3, 6, 7, 7, 5, 6, 6, 4, 4, 4, 3, 5, 3, 4, 3, 2, 5, 3, 4, 2, 3, 2, 1, 4, 5, 1, 4, 0, 4], [0, 4, 1, 4, 1, 3, 4, 1, 5, 4, 5, 3, 1, 5, 3, 5, 3, 5, 3, 4, 6, 5, 5, 7, 6, 7, 4, 4, 6, 3, 4, 7, 8, 8, 8, 5, 8, 8, 6, 4, 6, 6, 4, 6, 6, 4, 7, 8, 6, 4, 6, 7, 6, 8, 8, 5, 8, 5, 8, 4, 4, 6, 8, 6, 8, 8, 8, 5, 5, 3, 4, 7, 6, 5, 3, 7, 5, 4, 5, 5, 4, 4, 3, 6, 2, 3, 3, 5, 4, 3, 1, 5, 5, 5, 2, 5, 2, 3, 1], [1, 2, 4, 2, 2, 2, 4, 1, 4, 1, 2, 2, 5, 5, 3, 6, 2, 4, 3, 4, 6, 3, 4, 5, 4, 3, 7, 6, 6, 5, 6, 7, 5, 7, 7, 7, 6, 6, 8, 7, 8, 5, 5, 6, 5, 7, 4, 6, 5, 6, 6, 6, 8, 5, 7, 7, 6, 5, 7, 6, 8, 7, 8, 4, 6, 4, 7, 4, 3, 7, 3, 6, 4, 7, 7, 3, 4, 4, 6, 4, 3, 4, 2, 5, 2, 4, 2, 2, 1, 2, 1, 3, 2, 1, 5, 2, 2, 3, 3], [4, 3, 1, 1, 2, 0, 4, 2, 5, 4, 1, 2, 1, 3, 3, 2, 6, 3, 6, 5, 5, 2, 5, 6, 6, 6, 3, 7, 4, 6, 4, 4, 5, 7, 4, 8, 4, 6, 5, 7, 5, 7, 5, 7, 7, 5, 8, 5, 8, 6, 6, 5, 4, 5, 7, 5, 4, 6, 6, 7, 4, 8, 4, 6, 6, 6, 8, 3, 5, 7, 3, 7, 7, 7, 4, 5, 7, 4, 5, 4, 6, 3, 4, 6, 6, 5, 2, 4, 3, 4, 5, 2, 4, 4, 5, 4, 2, 1, 3], [3, 3, 2, 0, 4, 3, 4, 4, 3, 5, 1, 1, 2, 4, 2, 2, 3, 5, 5, 4, 3, 6, 3, 3, 4, 6, 5, 4, 7, 3, 4, 7, 3, 6, 7, 5, 8, 4, 5, 4, 4, 5, 8, 7, 7, 7, 4, 5, 7, 5, 7, 8, 8, 8, 7, 7, 7, 7, 4, 8, 5, 5, 6, 7, 5, 5, 3, 5, 4, 7, 6, 3, 7, 6, 4, 3, 3, 5, 5, 2, 4, 3, 3, 4, 2, 6, 4, 4, 4, 5, 4, 2, 3, 2, 4, 0, 2, 1, 3], [1, 1, 0, 1, 2, 2, 3, 5, 4, 4, 1, 1, 3, 2, 4, 3, 3, 6, 3, 2, 2, 6, 3, 2, 6, 3, 4, 3, 3, 5, 6, 4, 5, 6, 3, 5, 7, 6, 4, 7, 7, 5, 6, 6, 6, 7, 8, 4, 8, 7, 8, 6, 4, 7, 5, 8, 8, 8, 7, 6, 7, 7, 5, 3, 6, 4, 5, 4, 7, 7, 3, 4, 5, 6, 7, 4, 3, 2, 4, 3, 3, 3, 5, 3, 2, 1, 3, 5, 5, 4, 5, 2, 4, 5, 4, 4, 2, 4, 1], [4, 0, 4, 3, 2, 1, 4, 2, 1, 5, 2, 3, 1, 1, 3, 1, 1, 4, 6, 2, 2, 6, 3, 6, 2, 5, 6, 5, 6, 4, 5, 7, 7, 6, 6, 3, 5, 3, 6, 5, 6, 5, 6, 6, 7, 7, 7, 7, 5, 7, 5, 4, 4, 5, 7, 8, 5, 8, 8, 8, 7, 6, 4, 4, 5, 6, 7, 7, 7, 3, 4, 3, 5, 5, 2, 4, 4, 5, 5, 3, 6, 2, 4, 2, 2, 5, 3, 3, 2, 2, 1, 2, 2, 4, 1, 2, 0, 3, 0], [4, 3, 4, 0, 3, 0, 2, 1, 3, 3, 3, 2, 1, 3, 1, 1, 4, 4, 5, 3, 3, 4, 3, 2, 6, 4, 4, 4, 7, 6, 5, 5, 3, 6, 7, 5, 4, 4, 7, 5, 7, 5, 5, 3, 4, 7, 5, 4, 4, 4, 6, 6, 8, 8, 6, 4, 4, 4, 4, 7, 7, 3, 7, 5, 5, 5, 4, 6, 7, 7, 6, 7, 6, 6, 5, 3, 6, 5, 3, 3, 6, 5, 5, 5, 3, 2, 1, 2, 5, 2, 2, 3, 1, 2, 4, 3, 2, 1, 4], [3, 3, 4, 2, 1, 2, 1, 2, 4, 1, 4, 3, 4, 4, 1, 3, 5, 2, 4, 4, 5, 2, 2, 4, 3, 5, 6, 4, 4, 6, 4, 3, 7, 3, 7, 7, 4, 6, 6, 3, 3, 7, 3, 5, 4, 5, 6, 4, 4, 3, 7, 4, 7, 6, 7, 3, 6, 7, 5, 6, 4, 6, 5, 5, 6, 3, 3, 6, 6, 7, 7, 3, 6, 6, 5, 4, 2, 2, 3, 5, 4, 5, 6, 4, 1, 4, 5, 4, 5, 4, 1, 1, 0, 0, 1, 4, 0, 1, 4], [0, 2, 3, 2, 0, 3, 3, 1, 0, 1, 3, 1, 5, 2, 3, 4, 3, 4, 2, 3, 2, 2, 5, 5, 5, 2, 5, 4, 4, 4, 4, 4, 7, 5, 6, 4, 6, 3, 5, 3, 7, 4, 7, 4, 7, 6, 3, 3, 4, 6, 5, 7, 6, 7, 6, 7, 3, 7, 5, 4, 4, 7, 6, 3, 3, 7, 3, 5, 6, 6, 6, 2, 4, 4, 3, 4, 2, 5, 2, 5, 6, 5, 1, 4, 5, 2, 2, 3, 2, 3, 2, 4, 4, 1, 1, 2, 4, 4, 1], [1, 0, 1, 1, 2, 0, 0, 4, 1, 1, 3, 3, 4, 4, 3, 3, 1, 4, 4, 2, 3, 5, 4, 3, 5, 6, 2, 2, 3, 3, 2, 6, 4, 7, 3, 6, 6, 6, 7, 7, 6, 6, 4, 7, 6, 5, 5, 7, 7, 5, 7, 4, 3, 3, 7, 6, 3, 6, 7, 6, 3, 4, 7, 3, 6, 4, 3, 3, 3, 6, 4, 4, 6, 6, 4, 5, 5, 5, 4, 3, 3, 3, 5, 5, 2, 3, 5, 1, 3, 1, 4, 1, 3, 1, 2, 0, 0, 2, 4], [0, 1, 1, 0, 1, 2, 4, 4, 1, 2, 0, 4, 3, 1, 4, 1, 2, 1, 1, 2, 1, 5, 4, 6, 3, 2, 3, 5, 2, 5, 6, 4, 3, 3, 4, 4, 4, 4, 5, 4, 6, 5, 4, 7, 6, 5, 7, 4, 6, 4, 5, 3, 4, 3, 5, 4, 6, 6, 4, 6, 5, 5, 4, 7, 6, 6, 7, 6, 4, 4, 5, 5, 6, 3, 6, 6, 6, 2, 5, 3, 3, 4, 2, 5, 4, 4, 3, 3, 4, 2, 4, 0, 4, 3, 4, 0, 2, 2, 0], [1, 2, 0, 1, 4, 2, 2, 0, 4, 4, 0, 3, 2, 4, 4, 3, 5, 5, 1, 3, 5, 3, 1, 2, 2, 6, 2, 6, 5, 6, 5, 2, 3, 6, 4, 4, 3, 3, 4, 6, 3, 7, 4, 5, 5, 7, 5, 7, 6, 6, 7, 4, 6, 5, 3, 5, 4, 4, 6, 7, 6, 4, 3, 6, 3, 6, 2, 6, 3, 3, 6, 3, 5, 5, 3, 4, 3, 6, 5, 5, 4, 3, 4, 4, 4, 2, 4, 4, 4, 0, 0, 0, 4, 0, 4, 2, 0, 2, 1], [0, 1, 0, 0, 2, 4, 4, 4, 0, 4, 4, 3, 2, 4, 3, 1, 4, 2, 1, 3, 3, 4, 3, 1, 3, 3, 5, 5, 6, 3, 4, 5, 2, 3, 6, 3, 6, 5, 5, 5, 6, 7, 4, 7, 7, 5, 7, 6, 3, 4, 5, 3, 3, 5, 3, 7, 5, 3, 7, 5, 4, 6, 7, 3, 3, 2, 2, 4, 5, 3, 2, 6, 5, 2, 2, 4, 4, 2, 1, 4, 3, 1, 1, 5, 3, 5, 2, 5, 2, 3, 0, 1, 3, 4, 3, 4, 1, 0, 1], [2, 2, 1, 0, 0, 4, 1, 3, 1, 0, 3, 0, 1, 3, 2, 5, 2, 3, 2, 2, 4, 5, 2, 1, 2, 4, 4, 3, 6, 3, 3, 4, 3, 3, 2, 5, 3, 6, 3, 3, 5, 5, 7, 5, 5, 3, 6, 6, 5, 4, 4, 7, 4, 5, 6, 3, 5, 3, 6, 3, 6, 6, 2, 4, 5, 6, 4, 5, 4, 4, 6, 4, 6, 3, 4, 2, 3, 5, 1, 1, 5, 1, 3, 5, 4, 5, 1, 0, 4, 0, 1, 1, 1, 1, 2, 4, 0, 2, 1], [2, 2, 1, 1, 3, 2, 1, 4, 2, 3, 1, 0, 4, 1, 4, 2, 3, 3, 5, 3, 5, 5, 3, 3, 2, 3, 3, 6, 5, 3, 4, 5, 5, 6, 4, 3, 5, 3, 5, 3, 6, 5, 6, 5, 4, 4, 3, 5, 6, 7, 3, 4, 5, 4, 6, 3, 6, 3, 6, 4, 5, 5, 3, 6, 3, 6, 6, 5, 2, 4, 2, 6, 3, 3, 2, 4, 3, 5, 2, 5, 1, 4, 4, 1, 3, 1, 0, 3, 4, 3, 0, 1, 4, 1, 3, 2, 1, 3, 1], [1, 0, 0, 3, 0, 3, 4, 1, 3, 0, 2, 1, 4, 1, 1, 1, 2, 1, 2, 2, 4, 5, 1, 3, 4, 3, 5, 1, 6, 2, 2, 5, 4, 4, 5, 5, 5, 2, 5, 2, 5, 4, 4, 4, 5, 3, 6, 4, 2, 3, 6, 2, 4, 6, 2, 4, 6, 4, 4, 5, 4, 5, 4, 5, 2, 3, 3, 5, 6, 2, 2, 4, 4, 1, 1, 3, 1, 1, 1, 3, 3, 3, 2, 2, 3, 0, 3, 2, 1, 1, 4, 1, 3, 3, 3, 3, 2, 0, 3], [1, 0, 1, 1, 2, 3, 1, 2, 3, 2, 4, 3, 2, 3, 3, 4, 2, 5, 5, 5, 2, 4, 2, 3, 3, 5, 2, 3, 3, 3, 3, 5, 5, 6, 5, 4, 3, 6, 3, 4, 6, 5, 5, 4, 5, 3, 3, 2, 3, 2, 3, 5, 5, 6, 6, 3, 5, 5, 6, 3, 5, 6, 6, 4, 4, 4, 2, 2, 2, 5, 6, 5, 4, 2, 4, 2, 1, 2, 4, 4, 4, 1, 2, 4, 1, 0, 3, 1, 4, 0, 2, 0, 0, 2, 1, 2, 2, 2, 2], [1, 1, 3, 2, 3, 2, 2, 2, 1, 0, 4, 2, 3, 4, 0, 0, 2, 2, 4, 5, 2, 1, 2, 4, 4, 3, 1, 5, 1, 1, 1, 1, 6, 3, 6, 3, 2, 4, 3, 4, 5, 3, 4, 4, 6, 2, 5, 4, 2, 5, 3, 6, 4, 2, 4, 4, 3, 4, 4, 2, 5, 2, 5, 5, 4, 5, 6, 2, 3, 3, 2, 2, 5, 5, 1, 4, 5, 3, 4, 5, 5, 1, 5, 4, 1, 3, 1, 3, 4, 1, 1, 2, 4, 2, 1, 3, 1, 0, 2], [0, 2, 3, 0, 0, 2, 1, 1, 2, 2, 0, 4, 2, 4, 1, 1, 2, 4, 2, 0, 5, 2, 2, 3, 2, 1, 1, 2, 2, 3, 4, 3, 5, 3, 5, 4, 4, 6, 4, 4, 3, 4, 6, 5, 4, 5, 6, 6, 4, 2, 4, 6, 2, 5, 4, 6, 6, 4, 2, 3, 2, 5, 5, 5, 5, 4, 3, 1, 2, 5, 4, 3, 4, 2, 5, 2, 2, 5, 1, 4, 4, 4, 1, 3, 3, 0, 0, 3, 4, 2, 3, 2, 1, 3, 2, 0, 0, 3, 3], [3, 0, 0, 3, 0, 2, 3, 1, 3, 0, 4, 4, 2, 2, 2, 0, 2, 2, 0, 0, 0, 4, 4, 2, 4, 3, 1, 4, 4, 4, 1, 4, 2, 5, 4, 4, 3, 2, 2, 5, 3, 6, 4, 5, 3, 6, 4, 5, 4, 4, 5, 3, 4, 5, 2, 5, 2, 3, 4, 6, 4, 2, 3, 5, 1, 2, 2, 3, 2, 1, 1, 1, 3, 3, 4, 1, 4, 3, 5, 3, 1, 2, 4, 3, 0, 4, 1, 0, 0, 0, 1, 2, 3, 2, 1, 3, 1, 2, 0], [2, 0, 0, 0, 1, 1, 0, 3, 3, 0, 1, 0, 2, 4, 3, 4, 2, 0, 4, 0, 4, 3, 1, 5, 1, 5, 4, 4, 3, 5, 1, 1, 5, 5, 4, 3, 2, 4, 1, 3, 2, 6, 3, 2, 5, 3, 3, 6, 4, 5, 3, 3, 4, 6, 4, 4, 2, 5, 5, 3, 5, 2, 1, 4, 4, 1, 2, 2, 5, 1, 3, 2, 2, 1, 3, 2, 2, 3, 5, 1, 2, 0, 2, 4, 3, 1, 4, 0, 2, 4, 3, 0, 1, 1, 1, 2, 3, 2, 0], [1, 1, 2, 0, 1, 0, 0, 3, 3, 2, 0, 0, 1, 3, 3, 0, 0, 2, 0, 1, 3, 3, 0, 4, 4, 5, 4, 5, 4, 3, 4, 1, 5, 3, 2, 2, 4, 2, 5, 4, 4, 1, 2, 5, 1, 2, 2, 4, 5, 3, 6, 4, 4, 4, 2, 3, 3, 2, 1, 4, 4, 2, 3, 5, 4, 5, 2, 3, 4, 4, 1, 4, 2, 2, 5, 1, 1, 0, 4, 0, 0, 1, 4, 2, 4, 4, 1, 2, 3, 2, 3, 3, 1, 1, 0, 2, 2, 2, 3], [0, 2, 1, 1, 1, 2, 2, 2, 0, 3, 3, 2, 0, 0, 3, 0, 0, 0, 0, 3, 4, 1, 2, 3, 2, 1, 4, 4, 5, 3, 5, 4, 1, 4, 1, 4, 5, 3, 3, 5, 2, 4, 4, 3, 5, 2, 2, 4, 5, 5, 2, 5, 1, 5, 1, 1, 2, 1, 5, 2, 5, 4, 5, 2, 1, 5, 4, 1, 3, 5, 4, 2, 3, 3, 1, 0, 1, 3, 1, 3, 4, 0, 0, 4, 2, 3, 0, 4, 0, 0, 3, 2, 2, 0, 2, 0, 2, 3, 2], [0, 2, 1, 1, 0, 2, 3, 0, 0, 0, 1, 1, 1, 2, 0, 1, 4, 1, 4, 3, 3, 4, 0, 1, 2, 3, 2, 4, 4, 5, 2, 1, 4, 3, 3, 2, 4, 2, 1, 5, 5, 4, 3, 4, 1, 2, 5, 5, 2, 5, 4, 2, 5, 2, 5, 3, 4, 5, 5, 4, 5, 4, 3, 4, 5, 1, 4, 5, 1, 3, 5, 1, 4, 4, 1, 3, 0, 3, 3, 2, 4, 2, 2, 0, 2, 3, 3, 0, 2, 3, 1, 3, 3, 3, 2, 2, 0, 0, 0], [2, 0, 1, 2, 2, 1, 3, 3, 0, 2, 2, 3, 3, 0, 0, 0, 1, 0, 4, 4, 3, 3, 0, 0, 1, 4, 4, 0, 4, 4, 4, 5, 2, 4, 3, 2, 1, 4, 5, 2, 2, 3, 4, 3, 4, 4, 4, 3, 4, 2, 2, 2, 3, 5, 5, 4, 1, 1, 2, 1, 2, 3, 4, 2, 5, 5, 2, 4, 4, 5, 1, 3, 2, 4, 2, 1, 2, 1, 2, 3, 3, 3, 1, 4, 2, 2, 1, 2, 1, 3, 2, 0, 3, 0, 0, 0, 1, 1, 1], [2, 0, 2, 1, 0, 0, 2, 2, 1, 1, 1, 1, 0, 3, 3, 2, 0, 2, 3, 1, 0, 3, 1, 0, 0, 1, 4, 1, 2, 0, 3, 1, 4, 3, 1, 3, 4, 2, 4, 2, 4, 5, 2, 2, 4, 5, 5, 4, 3, 3, 2, 2, 1, 2, 3, 5, 2, 3, 5, 4, 2, 4, 2, 5, 4, 1, 4, 5, 4, 4, 3, 1, 2, 1, 3, 1, 3, 0, 4, 0, 4, 2, 2, 1, 0, 1, 0, 0, 2, 1, 1, 0, 2, 3, 2, 0, 0, 2, 2], [2, 1, 0, 1, 2, 0, 0, 1, 1, 1, 1, 2, 0, 0, 3, 1, 2, 3, 4, 2, 3, 2, 4, 4, 3, 0, 4, 3, 0, 0, 2, 2, 1, 4, 1, 3, 2, 4, 4, 5, 2, 5, 3, 1, 5, 1, 5, 3, 2, 5, 5, 5, 5, 5, 4, 3, 2, 5, 3, 5, 3, 1, 3, 2, 2, 1, 2, 2, 4, 2, 1, 1, 0, 3, 4, 4, 0, 3, 1, 4, 2, 2, 1, 3, 2, 2, 3, 3, 1, 0, 3, 1, 0, 3, 1, 0, 0, 1, 1]]&gt;" type="org.opentest4j.AssertionFailedError">org.opentest4j.AssertionFailedError: expected: &lt;[[3, 0, 3, 7, 3], [2, 5, 5, 1, 2], [6, 5, 3, 3, 2], [3, 3, 5, 4, 9], [3, 5, 3, 9, 0]]&gt; but was: &lt;[[2, 2, 2, 1, 1, 2, 2, 1, 2, 2, 1, 3, 0, 1, 2, 3, 0, 1, 2, 1, 1, 1, 3, 4, 2, 0, 0, 0, 0, 2, 0, 3, 2, 4, 2, 4, 3, 0, 1, 1, 4, 2, 1, 0, 2, 2, 3, 1, 5, 5, 3, 5, 1, 4, 4, 4, 3, 2, 0, 1, 3, 4, 1, 4, 0, 0, 2, 1, 2, 2, 3, 0, 2, 0, 4, 2, 3, 0, 4, 0, 1, 1, 2, 0, 3, 3, 0, 1, 3, 1, 2, 2, 0, 0, 2, 2, 2, 1, 0], [1, 0, 2, 1, 1, 2, 1, 1, 1, 2, 2, 2, 2, 3, 3, 1, 0, 1, 0, 3, 1, 4, 0, 2, 0, 1, 2, 4, 0, 3, 2, 0, 1, 2, 2, 2, 2, 1, 3, 4, 5, 5, 3, 1, 2, 4, 2, 2, 4, 3, 2, 1, 4, 4, 4, 2, 2, 3, 1, 1, 1, 1, 2, 4, 2, 0, 0, 3, 4, 4, 2, 1, 0, 4, 3, 4, 4, 0, 0, 3, 4, 1, 1, 2, 1, 2, 0, 0, 3, 1, 0, 1, 1, 0, 0, 1, 1, 1, 1], [1, 0, 2, 1, 2, 2, 2, 2, 3, 0, 2, 3, 1, 3, 0, 3, 3, 1, 2, 3, 1, 2, 0, 3, 4, 4, 3, 3, 3, 4, 1, 2, 2, 2, 4, 2, 3, 2, 3, 3, 2, 2, 1, 3, 5, 3, 4, 1, 4, 5, 2, 2, 4, 5, 3, 5, 5, 5, 4, 3, 4, 1, 1, 4, 5, 3, 4, 4, 2, 1, 0, 2, 4, 1, 3, 4, 2, 2, 1, 1, 3, 1, 2, 0, 1, 2, 0, 0, 3, 2, 3, 3, 0, 2, 1, 0, 0, 2, 2], [1, 1, 0, 0, 0, 1, 2, 3, 1, 1, 0, 0, 0, 1, 1, 3, 3, 2, 2, 3, 4, 4, 1, 3, 0, 1, 3, 2, 1, 3, 0, 4, 5, 4, 4, 5, 2, 3, 3, 2, 1, 2, 2, 2, 5, 3, 4, 3, 2, 3, 3, 1, 5, 4, 5, 5, 3, 3, 3, 5, 2, 2, 2, 5, 4, 4, 3, 3, 4, 1, 3, 3, 3, 3, 1, 2, 1, 1, 0, 3, 2, 3, 3, 4, 1, 1, 0, 1, 0, 0, 2, 3, 3, 1, 0, 2, 2, 0, 1], [1, 1, 2, 1, 2, 0, 3, 1, 2, 0, 2, 3, 2, 1, 3, 2, 0, 3, 2, 3, 3, 2, 0, 3, 3, 0, 4, 0, 2, 2, 1, 3, 4, 3, 5, 5, 3, 1, 4, 2, 1, 1, 5, 3, 5, 3, 5, 1, 5, 3, 4, 5, 4, 4, 1, 4, 5, 4, 4, 2, 2, 4, 3, 3, 1, 5, 2, 3, 3, 4, 3, 2, 3, 4, 4, 1, 1, 2, 1, 1, 4, 4, 1, 4, 1, 2, 3, 1, 1, 1, 2, 0, 3, 3, 2, 0, 0, 2, 0], [0, 1, 1, 0, 0, 2, 3, 1, 3, 2, 3, 1, 3, 3, 2, 3, 2, 0, 3, 0, 3, 1, 1, 0, 0, 0, 0, 0, 4, 2, 4, 1, 2, 5, 3, 3, 1, 2, 3, 5, 4, 5, 3, 4, 2, 4, 3, 2, 5, 4, 5, 1, 3, 5, 5, 3, 3, 2, 3, 5, 2, 1, 1, 2, 1, 2, 3, 5, 2, 2, 3, 1, 1, 3, 0, 3, 4, 4, 4, 4, 4, 4, 0, 1, 3, 4, 2, 3, 2, 0, 1, 3, 0, 3, 2, 0, 1, 2, 1], [2, 0, 2, 2, 0, 0, 0, 0, 3, 0, 2, 3, 1, 3, 4, 1, 4, 1, 2, 4, 2, 3, 1, 2, 2, 1, 5, 4, 2, 2, 1, 2, 4, 5, 1, 1, 1, 3, 4, 3, 5, 4, 2, 3, 4, 4, 3, 1, 1, 5, 3, 4, 3, 4, 5, 3, 5, 4, 5, 2, 4, 2, 2, 1, 1, 4, 1, 5, 1, 5, 2, 2, 5, 1, 5, 0, 1, 4, 3, 2, 0, 0, 3, 1, 1, 1, 2, 0, 1, 1, 0, 3, 0, 2, 2, 1, 2, 1, 2], [1, 1, 3, 1, 0, 2, 1, 0, 2, 3, 3, 1, 3, 4, 2, 3, 2, 4, 1, 4, 1, 1, 1, 4, 5, 3, 1, 2, 3, 4, 3, 5, 2, 2, 3, 2, 2, 3, 5, 5, 5, 2, 5, 1, 3, 5, 2, 2, 2, 3, 2, 6, 3, 6, 5, 5, 4, 2, 3, 2, 2, 2, 1, 1, 1, 3, 5, 2, 1, 4, 1, 2, 2, 4, 5, 5, 4, 4, 1, 4, 3, 3, 0, 1, 4, 1, 0, 2, 4, 0, 1, 2, 2, 3, 0, 0, 3, 3, 3], [2, 1, 1, 0, 3, 3, 0, 0, 0, 3, 1, 3, 4, 2, 4, 1, 4, 0, 3, 1, 0, 4, 4, 2, 5, 4, 4, 5, 4, 1, 5, 4, 4, 5, 3, 4, 3, 2, 4, 2, 6, 6, 4, 4, 4, 5, 3, 6, 3, 3, 6, 4, 3, 6, 6, 5, 5, 6, 3, 6, 5, 1, 4, 1, 2, 1, 1, 5, 4, 5, 5, 3, 3, 4, 4, 2, 2, 2, 2, 0, 1, 4, 2, 1, 1, 3, 4, 0, 1, 4, 2, 3, 1, 2, 2, 2, 3, 0, 2], [3, 3, 2, 0, 1, 1, 0, 3, 0, 3, 3, 2, 3, 0, 1, 0, 4, 4, 2, 2, 2, 1, 2, 2, 5, 3, 1, 5, 3, 1, 1, 4, 5, 4, 1, 4, 2, 4, 3, 6, 5, 6, 6, 6, 3, 5, 5, 5, 6, 3, 5, 2, 6, 4, 2, 2, 2, 5, 6, 3, 5, 3, 6, 4, 3, 3, 5, 5, 3, 5, 5, 4, 2, 3, 5, 4, 1, 5, 5, 3, 4, 1, 3, 3, 0, 2, 0, 0, 0, 2, 1, 0, 0, 1, 3, 3, 3, 0, 3], [0, 0, 3, 2, 0, 0, 2, 1, 0, 3, 4, 4, 3, 4, 4, 3, 1, 2, 2, 2, 2, 3, 4, 5, 2, 1, 2, 4, 5, 4, 3, 4, 1, 5, 5, 6, 5, 6, 5, 5, 2, 4, 2, 4, 5, 5, 5, 4, 6, 2, 5, 2, 4, 6, 6, 4, 6, 6, 4, 2, 2, 3, 3, 5, 3, 5, 6, 1, 3, 2, 3, 2, 4, 1, 1, 1, 1, 1, 3, 2, 2, 2, 0, 2, 4, 0, 4, 0, 0, 3, 0, 2, 1, 1, 3, 1, 0, 3, 3], [2, 1, 2, 2, 0, 2, 2, 1, 2, 3, 0, 2, 4, 0, 2, 4, 2, 4, 3, 2, 5, 5, 5, 2, 2, 3, 3, 4, 1, 3, 3, 4, 4, 5, 6, 6, 5, 5, 4, 4, 2, 3, 3, 6, 3, 5, 2, 2, 4, 5, 4, 6, 2, 4, 6, 2, 5, 3, 3, 4, 6, 3, 4, 4, 6, 2, 2, 4, 4, 4, 1, 2, 1, 4, 2, 3, 1, 4, 4, 1, 2, 2, 2, 3, 2, 3, 3, 0, 0, 4, 1, 2, 3, 1, 0, 3, 2, 2, 2], [2, 3, 1, 1, 3, 3, 1, 1, 1, 4, 1, 4, 1, 1, 1, 0, 0, 2, 3, 3, 4, 4, 2, 5, 5, 2, 1, 3, 2, 2, 4, 4, 6, 2, 3, 3, 5, 3, 5, 2, 2, 2, 3, 2, 6, 4, 6, 4, 2, 4, 2, 5, 3, 4, 5, 5, 2, 6, 4, 3, 6, 3, 4, 3, 6, 5, 4, 6, 5, 2, 3, 2, 4, 1, 3, 2, 2, 1, 5, 2, 3, 2, 4, 2, 3, 1, 2, 0, 0, 3, 1, 2, 3, 1, 3, 2, 2, 0, 1], [3, 1, 3, 2, 2, 3, 1, 2, 0, 3, 4, 0, 0, 0, 2, 4, 3, 2, 1, 3, 1, 5, 2, 3, 1, 3, 2, 3, 2, 5, 2, 3, 4, 6, 6, 5, 4, 5, 2, 6, 6, 3, 3, 4, 3, 2, 6, 5, 3, 4, 6, 4, 6, 3, 2, 2, 4, 4, 2, 5, 3, 5, 2, 2, 4, 4, 2, 3, 3, 4, 3, 2, 4, 1, 4, 4, 2, 5, 1, 4, 5, 2, 5, 1, 4, 0, 2, 3, 2, 1, 0, 4, 0, 0, 2, 2, 3, 3, 2], [1, 1, 0, 2, 3, 1, 0, 1, 1, 4, 2, 3, 2, 0, 0, 2, 2, 5, 5, 4, 3, 2, 2, 2, 4, 3, 3, 6, 3, 6, 5, 5, 5, 2, 5, 6, 5, 4, 3, 4, 5, 5, 2, 5, 5, 3, 2, 3, 6, 7, 5, 3, 3, 2, 2, 5, 4, 6, 4, 5, 3, 2, 2, 6, 4, 5, 5, 6, 3, 3, 5, 3, 6, 4, 2, 1, 3, 5, 1, 5, 2, 1, 3, 2, 4, 3, 1, 1, 1, 2, 2, 2, 0, 3, 4, 0, 3, 0, 3], [0, 1, 3, 0, 3, 3, 0, 4, 1, 3, 3, 4, 0, 3, 4, 2, 3, 2, 1, 3, 3, 1, 2, 5, 1, 3, 6, 6, 6, 3, 6, 6, 2, 2, 6, 2, 6, 4, 6, 6, 5, 6, 3, 4, 3, 7, 6, 3, 3, 6, 5, 5, 3, 7, 6, 3, 3, 7, 7, 6, 2, 6, 6, 6, 4, 6, 6, 4, 2, 5, 6, 5, 4, 2, 5, 4, 3, 1, 5, 5, 3, 2, 5, 2, 1, 5, 4, 0, 4, 2, 0, 0, 3, 2, 2, 2, 3, 2, 0], [2, 1, 1, 1, 2, 4, 2, 1, 2, 4, 0, 2, 3, 1, 1, 2, 4, 1, 3, 4, 1, 4, 3, 2, 5, 5, 2, 5, 4, 6, 2, 3, 5, 5, 2, 3, 4, 5, 5, 6, 7, 5, 7, 6, 6, 6, 5, 4, 3, 6, 7, 6, 7, 7, 5, 6, 3, 4, 4, 6, 3, 6, 6, 2, 6, 5, 5, 6, 3, 4, 5, 2, 6, 2, 3, 5, 4, 4, 4, 1, 1, 1, 3, 1, 3, 2, 2, 3, 2, 0, 3, 2, 4, 1, 0, 4, 1, 1, 2], [3, 1, 1, 0, 1, 2, 1, 4, 1, 0, 3, 0, 4, 5, 2, 4, 5, 5, 1, 1, 3, 5, 3, 6, 4, 3, 3, 3, 3, 4, 5, 6, 4, 6, 3, 4, 7, 5, 6, 3, 6, 7, 3, 7, 6, 4, 3, 6, 3, 7, 3, 7, 6, 5, 4, 5, 4, 6, 5, 6, 6, 6, 4, 5, 3, 6, 2, 2, 5, 4, 6, 5, 3, 3, 4, 6, 2, 3, 1, 4, 1, 1, 4, 1, 5, 1, 3, 5, 2, 3, 2, 0, 2, 2, 4, 2, 3, 3, 0], [0, 1, 2, 3, 0, 1, 1, 0, 1, 4, 4, 5, 2, 2, 3, 1, 2, 5, 1, 5, 4, 5, 4, 5, 3, 5, 3, 3, 3, 4, 2, 4, 3, 4, 5, 7, 4, 4, 7, 5, 6, 5, 4, 4, 4, 4, 7, 7, 7, 7, 5, 6, 4, 4, 7, 5, 3, 4, 6, 7, 6, 7, 5, 3, 3, 3, 5, 2, 6, 2, 5, 5, 3, 4, 3, 3, 6, 3, 2, 5, 2, 1, 2, 4, 2, 1, 3, 4, 1, 3, 3, 3, 4, 1, 2, 0, 1, 0, 3], [2, 3, 3, 3, 2, 1, 3, 4, 2, 0, 4, 4, 5, 3, 4, 1, 5, 4, 3, 2, 6, 3, 6, 5, 6, 2, 3, 6, 2, 4, 6, 3, 5, 7, 5, 7, 7, 3, 7, 3, 3, 6, 3, 3, 3, 3, 6, 5, 4, 6, 7, 4, 7, 7, 3, 6, 4, 5, 7, 6, 3, 5, 5, 4, 5, 6, 3, 3, 4, 5, 2, 3, 4, 5, 5, 4, 2, 2, 6, 4, 4, 5, 3, 1, 4, 2, 3, 2, 1, 4, 1, 4, 2, 2, 2, 4, 2, 2, 4], [3, 0, 1, 4, 0, 2, 3, 1, 1, 4, 2, 1, 4, 5, 1, 1, 4, 1, 5, 4, 3, 6, 6, 5, 3, 2, 3, 2, 2, 2, 6, 7, 5, 3, 3, 3, 5, 4, 4, 5, 4, 5, 3, 7, 3, 3, 6, 5, 7, 5, 7, 7, 6, 7, 4, 3, 6, 4, 3, 6, 3, 7, 7, 5, 6, 4, 6, 6, 3, 6, 7, 2, 6, 4, 3, 4, 5, 5, 3, 2, 5, 5, 4, 4, 3, 4, 5, 5, 5, 5, 3, 4, 3, 0, 4, 0, 0, 0, 1], [3, 0, 4, 4, 2, 3, 0, 2, 1, 2, 5, 3, 5, 5, 1, 1, 2, 4, 5, 6, 6, 5, 3, 4, 2, 5, 5, 3, 6, 3, 6, 7, 5, 5, 7, 6, 6, 4, 6, 6, 7, 5, 5, 7, 6, 4, 6, 6, 5, 5, 7, 4, 5, 5, 4, 3, 7, 7, 3, 7, 4, 4, 4, 7, 3, 7, 7, 4, 7, 5, 3, 7, 6, 4, 6, 4, 4, 3, 2, 2, 3, 3, 4, 1, 2, 5, 1, 5, 2, 2, 5, 2, 2, 2, 3, 0, 0, 0, 1], [4, 0, 2, 3, 0, 3, 1, 1, 3, 5, 3, 1, 2, 5, 2, 1, 1, 2, 5, 6, 5, 3, 3, 2, 3, 2, 2, 4, 3, 7, 4, 4, 4, 4, 4, 4, 7, 3, 3, 6, 7, 3, 5, 3, 5, 7, 4, 4, 6, 6, 5, 5, 6, 4, 7, 7, 7, 3, 6, 3, 5, 5, 3, 7, 5, 7, 7, 5, 3, 5, 3, 6, 5, 4, 5, 4, 5, 3, 4, 3, 5, 3, 6, 1, 3, 1, 5, 2, 5, 1, 2, 3, 1, 0, 2, 2, 2, 0, 1], [3, 4, 3, 1, 1, 3, 1, 3, 2, 2, 4, 3, 2, 3, 4, 2, 3, 2, 4, 4, 2, 5, 5, 2, 4, 2, 3, 6, 7, 7, 3, 4, 3, 6, 6, 5, 6, 4, 6, 7, 4, 5, 7, 5, 5, 4, 5, 4, 5, 5, 8, 8, 7, 5, 7, 6, 8, 6, 7, 8, 4, 4, 4, 3, 4, 5, 6, 5, 6, 4, 7, 5, 4, 7, 3, 4, 5, 5, 6, 4, 3, 6, 6, 6, 5, 5, 2, 2, 5, 4, 2, 1, 5, 4, 3, 2, 2, 0, 1], [0, 0, 1, 1, 3, 1, 0, 3, 4, 1, 1, 2, 1, 3, 1, 5, 2, 4, 4, 5, 2, 3, 2, 6, 6, 5, 7, 6, 5, 3, 3, 5, 4, 7, 6, 5, 3, 3, 8, 5, 6, 7, 7, 8, 4, 7, 6, 8, 5, 6, 6, 6, 4, 7, 7, 4, 4, 6, 6, 6, 8, 7, 5, 3, 5, 7, 4, 3, 3, 3, 5, 7, 4, 7, 3, 4, 4, 3, 5, 2, 2, 3, 4, 4, 2, 2, 5, 2, 4, 3, 3, 1, 3, 2, 4, 4, 2, 1, 3], [1, 2, 2, 0, 2, 3, 3, 1, 1, 4, 3, 3, 4, 4, 2, 6, 3, 3, 5, 5, 3, 4, 4, 3, 2, 4, 5, 5, 5, 6, 4, 4, 4, 6, 3, 3, 4, 8, 7, 4, 8, 4, 7, 8, 8, 5, 8, 5, 7, 8, 7, 4, 7, 4, 7, 5, 6, 8, 7, 6, 7, 7, 4, 5, 6, 6, 4, 5, 6, 6, 6, 3, 4, 6, 5, 4, 3, 4, 6, 5, 6, 4, 4, 6, 2, 2, 1, 3, 1, 4, 3, 1, 5, 2, 3, 4, 0, 0, 3], [2, 1, 0, 4, 0, 2, 4, 1, 5, 5, 5, 2, 5, 2, 6, 5, 6, 6, 5, 6, 3, 5, 3, 2, 7, 5, 6, 7, 5, 4, 3, 3, 4, 5, 4, 8, 4, 6, 5, 4, 4, 4, 4, 7, 7, 5, 6, 6, 8, 7, 8, 7, 7, 7, 6, 5, 6, 6, 8, 4, 7, 5, 5, 7, 7, 8, 8, 5, 4, 6, 3, 6, 5, 5, 4, 4, 4, 3, 4, 4, 4, 5, 5, 2, 6, 2, 3, 2, 5, 5, 4, 2, 1, 5, 1, 0, 3, 3, 3], [0, 1, 2, 0, 0, 1, 2, 1, 4, 4, 3, 2, 2, 5, 6, 4, 6, 4, 3, 2, 4, 2, 2, 5, 4, 6, 5, 6, 3, 5, 5, 6, 5, 5, 8, 8, 6, 7, 7, 7, 4, 6, 8, 5, 5, 7, 5, 5, 4, 7, 6, 5, 5, 7, 8, 8, 7, 4, 6, 5, 4, 4, 6, 8, 5, 5, 5, 8, 7, 3, 3, 7, 6, 6, 5, 3, 3, 3, 2, 4, 6, 3, 3, 4, 3, 3, 3, 1, 1, 5, 5, 5, 5, 3, 1, 4, 4, 1, 2], [2, 2, 2, 1, 3, 2, 5, 4, 3, 3, 1, 3, 5, 6, 2, 3, 2, 2, 2, 2, 4, 6, 5, 7, 5, 6, 3, 7, 3, 6, 7, 4, 8, 8, 8, 6, 8, 7, 7, 5, 5, 7, 5, 6, 4, 7, 4, 5, 8, 5, 6, 5, 4, 4, 7, 7, 4, 5, 8, 4, 7, 6, 6, 4, 4, 6, 5, 8, 4, 7, 3, 7, 6, 7, 5, 6, 7, 5, 6, 5, 5, 4, 2, 6, 5, 2, 2, 6, 5, 2, 4, 4, 2, 2, 1, 4, 3, 2, 0], [4, 2, 3, 2, 1, 4, 3, 5, 1, 3, 3, 4, 2, 6, 3, 6, 2, 6, 3, 6, 4, 6, 7, 6, 6, 7, 7, 7, 4, 4, 3, 8, 5, 7, 8, 8, 8, 7, 6, 4, 8, 8, 8, 5, 6, 6, 7, 9, 8, 6, 5, 7, 6, 9, 5, 7, 7, 5, 5, 4, 5, 4, 8, 5, 5, 8, 5, 7, 6, 8, 4, 5, 6, 3, 4, 3, 7, 6, 7, 3, 5, 6, 4, 5, 2, 4, 3, 4, 1, 2, 2, 4, 1, 3, 1, 4, 4, 4, 0], [2, 0, 0, 3, 5, 2, 4, 2, 4, 1, 2, 1, 4, 5, 2, 2, 3, 5, 6, 4, 3, 4, 5, 4, 4, 7, 3, 3, 3, 3, 7, 4, 4, 7, 7, 6, 4, 7, 8, 6, 5, 7, 7, 5, 8, 5, 8, 9, 7, 9, 7, 6, 8, 9, 5, 7, 7, 7, 6, 8, 7, 7, 5, 5, 5, 5, 7, 6, 6, 7, 5, 7, 5, 7, 5, 4, 5, 7, 6, 6, 6, 5, 2, 4, 4, 6, 3, 2, 6, 5, 1, 3, 4, 1, 3, 2, 1, 1, 3], [3, 3, 3, 3, 1, 5, 3, 2, 3, 4, 3, 5, 2, 3, 5, 2, 6, 3, 2, 2, 4, 3, 6, 3, 6, 5, 6, 5, 5, 8, 5, 8, 7, 4, 5, 6, 8, 6, 4, 8, 7, 5, 6, 8, 6, 8, 9, 8, 9, 5, 7, 6, 7, 5, 6, 6, 6, 6, 9, 9, 8, 4, 4, 7, 6, 8, 8, 7, 7, 8, 5, 7, 4, 3, 6, 4, 3, 7, 4, 3, 3, 5, 4, 5, 3, 6, 5, 2, 2, 2, 2, 3, 4, 3, 4, 1, 5, 4, 1], [4, 4, 0, 5, 3, 4, 5, 3, 5, 5, 5, 6, 5, 4, 2, 6, 3, 6, 3, 7, 5, 5, 6, 6, 7, 4, 3, 5, 7, 6, 4, 8, 8, 6, 6, 4, 7, 6, 6, 5, 8, 7, 8, 9, 9, 7, 5, 7, 9, 9, 7, 9, 9, 5, 9, 8, 6, 5, 9, 5, 9, 9, 8, 5, 7, 6, 8, 4, 6, 6, 7, 5, 5, 4, 3, 4, 4, 4, 5, 3, 5, 7, 5, 4, 2, 2, 5, 2, 4, 4, 2, 1, 5, 1, 3, 4, 5, 5, 4], [0, 2, 4, 2, 3, 1, 4, 2, 4, 2, 4, 2, 3, 5, 2, 6, 5, 3, 6, 5, 3, 3, 6, 6, 7, 3, 6, 6, 4, 8, 7, 4, 8, 6, 5, 5, 8, 7, 9, 9, 7, 7, 9, 9, 7, 5, 8, 9, 9, 6, 5, 5, 9, 5, 7, 6, 9, 7, 8, 6, 5, 9, 9, 7, 6, 7, 8, 6, 7, 4, 7, 5, 4, 8, 4, 6, 6, 3, 3, 3, 6, 5, 6, 2, 3, 5, 3, 6, 6, 3, 4, 3, 4, 3, 5, 2, 1, 5, 2], [3, 4, 3, 2, 1, 3, 4, 4, 3, 1, 2, 6, 6, 5, 4, 4, 4, 6, 3, 6, 7, 3, 4, 7, 4, 3, 6, 5, 4, 8, 4, 6, 7, 6, 6, 6, 5, 9, 8, 6, 7, 7, 5, 5, 6, 9, 8, 7, 5, 7, 7, 7, 9, 7, 9, 6, 8, 6, 6, 7, 9, 5, 7, 9, 9, 8, 4, 6, 6, 8, 7, 5, 5, 6, 6, 5, 3, 5, 7, 5, 6, 6, 4, 6, 6, 2, 5, 5, 6, 4, 6, 2, 5, 4, 2, 1, 2, 2, 3], [3, 0, 5, 4, 4, 2, 4, 2, 4, 3, 4, 6, 2, 2, 5, 5, 5, 3, 4, 5, 5, 3, 4, 3, 4, 4, 4, 6, 7, 7, 5, 5, 8, 7, 8, 6, 6, 5, 7, 8, 5, 5, 9, 8, 7, 7, 8, 7, 5, 9, 5, 9, 8, 7, 8, 5, 9, 7, 6, 7, 7, 6, 9, 5, 6, 5, 5, 4, 8, 7, 7, 6, 7, 8, 4, 7, 6, 3, 3, 6, 4, 3, 4, 6, 4, 4, 4, 5, 4, 4, 5, 1, 4, 3, 5, 4, 5, 2, 1], [0, 4, 4, 5, 4, 2, 5, 1, 3, 4, 6, 3, 5, 4, 2, 5, 4, 4, 5, 3, 6, 5, 7, 6, 7, 6, 6, 6, 4, 6, 7, 6, 5, 8, 6, 7, 8, 5, 5, 9, 5, 5, 6, 7, 5, 9, 5, 8, 6, 8, 6, 8, 9, 6, 5, 8, 5, 9, 8, 7, 6, 6, 7, 6, 5, 5, 7, 8, 6, 8, 6, 4, 4, 8, 8, 8, 7, 4, 4, 6, 7, 5, 7, 3, 6, 4, 3, 5, 3, 2, 2, 2, 5, 3, 1, 4, 4, 3, 4], [3, 3, 3, 3, 2, 3, 5, 5, 5, 5, 2, 5, 5, 3, 4, 3, 6, 3, 3, 6, 7, 4, 6, 6, 3, 7, 8, 7, 4, 6, 4, 5, 6, 7, 5, 5, 9, 9, 9, 5, 9, 7, 6, 6, 8, 9, 7, 8, 9, 7, 6, 8, 8, 6, 9, 8, 6, 9, 9, 5, 5, 7, 8, 8, 6, 8, 9, 7, 8, 5, 7, 5, 4, 5, 7, 5, 4, 7, 7, 6, 5, 4, 3, 4, 5, 3, 4, 3, 4, 4, 5, 3, 1, 3, 4, 2, 4, 1, 4], [1, 3, 2, 1, 4, 4, 5, 1, 2, 4, 2, 4, 6, 2, 4, 5, 4, 3, 7, 6, 7, 4, 3, 3, 7, 8, 7, 6, 8, 7, 8, 6, 9, 8, 8, 7, 9, 5, 7, 5, 8, 9, 6, 9, 9, 6, 9, 9, 8, 8, 9, 7, 7, 9, 9, 9, 9, 9, 6, 6, 9, 6, 5, 9, 7, 8, 7, 8, 5, 8, 4, 6, 8, 7, 8, 6, 6, 7, 7, 6, 7, 4, 3, 5, 4, 5, 2, 4, 2, 6, 2, 4, 4, 3, 1, 3, 4, 1, 4], [4, 3, 3, 3, 1, 5, 5, 5, 4, 3, 4, 6, 2, 6, 5, 3, 5, 5, 4, 3, 6, 5, 7, 4, 7, 8, 6, 7, 5, 8, 8, 6, 8, 5, 8, 7, 5, 5, 9, 8, 5, 9, 8, 6, 8, 8, 8, 6, 9, 7, 7, 8, 9, 6, 9, 6, 6, 6, 9, 8, 9, 6, 6, 9, 5, 8, 7, 5, 6, 6, 8, 5, 8, 8, 5, 5, 7, 3, 7, 6, 3, 4, 5, 3, 3, 4, 4, 3, 4, 6, 5, 4, 1, 1, 5, 1, 3, 1, 4], [4, 1, 3, 5, 1, 3, 5, 1, 6, 3, 3, 6, 5, 4, 3, 6, 4, 5, 5, 6, 3, 3, 3, 7, 7, 5, 7, 7, 4, 4, 4, 8, 6, 9, 9, 9, 9, 8, 5, 9, 6, 6, 8, 7, 6, 9, 6, 9, 9, 9, 6, 9, 9, 8, 9, 8, 7, 7, 7, 9, 7, 9, 6, 7, 9, 6, 9, 5, 7, 8, 7, 6, 6, 8, 7, 6, 5, 4, 4, 4, 6, 3, 6, 6, 4, 4, 3, 5, 6, 2, 2, 5, 5, 1, 5, 5, 5, 5, 2], [0, 5, 3, 5, 3, 3, 3, 1, 6, 5, 4, 5, 3, 4, 2, 5, 5, 3, 3, 5, 7, 4, 4, 8, 5, 5, 8, 7, 4, 5, 6, 7, 9, 9, 9, 8, 8, 9, 5, 6, 9, 7, 8, 6, 8, 9, 6, 8, 6, 8, 6, 9, 8, 6, 6, 6, 8, 7, 6, 6, 6, 9, 5, 7, 5, 5, 8, 5, 9, 5, 5, 5, 6, 7, 5, 6, 8, 4, 3, 4, 5, 4, 4, 6, 6, 6, 3, 3, 2, 5, 3, 2, 6, 2, 4, 1, 3, 1, 5], [4, 5, 2, 2, 5, 5, 2, 1, 3, 2, 5, 6, 2, 2, 4, 7, 6, 4, 6, 7, 7, 6, 3, 4, 8, 8, 5, 8, 8, 4, 8, 8, 7, 6, 6, 8, 8, 9, 6, 9, 8, 7, 7, 6, 9, 8, 8, 6, 7, 9, 8, 9, 8, 9, 8, 9, 8, 7, 9, 6, 8, 7, 8, 6, 9, 6, 9, 7, 6, 8, 8, 8, 5, 8, 5, 7, 7, 5, 6, 5, 5, 4, 6, 4, 5, 7, 3, 5, 3, 5, 2, 6, 2, 3, 2, 3, 4, 1, 3], [0, 5, 3, 2, 5, 1, 2, 5, 3, 2, 6, 5, 2, 4, 2, 3, 3, 7, 3, 6, 5, 6, 7, 7, 8, 6, 5, 4, 5, 5, 9, 5, 5, 6, 5, 9, 8, 8, 9, 6, 8, 8, 8, 9, 6, 7, 9, 6, 6, 7, 8, 7, 6, 7, 8, 7, 9, 9, 6, 9, 8, 6, 9, 8, 9, 9, 8, 6, 7, 7, 9, 4, 8, 7, 8, 7, 4, 8, 7, 6, 5, 5, 4, 5, 5, 6, 4, 4, 5, 2, 5, 4, 2, 2, 1, 2, 2, 5, 3], [4, 3, 2, 5, 5, 5, 2, 5, 5, 4, 3, 5, 5, 2, 3, 4, 5, 4, 4, 5, 6, 4, 5, 8, 6, 7, 5, 7, 6, 6, 7, 6, 6, 5, 9, 7, 7, 9, 9, 7, 9, 9, 9, 8, 9, 7, 9, 8, 7, 8, 7, 8, 7, 7, 9, 9, 8, 9, 6, 9, 7, 9, 9, 8, 5, 8, 8, 7, 9, 9, 7, 7, 4, 4, 7, 4, 8, 8, 8, 3, 5, 3, 3, 6, 7, 4, 2, 5, 2, 6, 6, 6, 5, 5, 1, 1, 5, 4, 1], [2, 4, 1, 2, 5, 4, 4, 2, 5, 5, 6, 6, 6, 4, 4, 5, 7, 6, 5, 3, 6, 5, 4, 5, 6, 4, 5, 4, 7, 8, 7, 5, 5, 9, 8, 7, 5, 6, 7, 9, 6, 9, 6, 9, 8, 9, 8, 7, 9, 7, 8, 9, 8, 7, 9, 8, 6, 8, 6, 7, 6, 9, 9, 8, 7, 8, 9, 9, 8, 7, 7, 9, 6, 5, 7, 5, 6, 7, 7, 6, 5, 3, 7, 4, 5, 5, 4, 6, 3, 2, 2, 5, 5, 3, 5, 2, 2, 3, 1], [2, 1, 2, 2, 5, 1, 2, 4, 3, 4, 5, 4, 5, 3, 2, 5, 7, 4, 3, 3, 6, 5, 7, 4, 7, 5, 4, 4, 6, 5, 5, 5, 9, 5, 6, 5, 9, 8, 9, 9, 9, 8, 6, 7, 8, 9, 9, 9, 9, 8, 9, 8, 9, 7, 7, 9, 7, 6, 7, 9, 9, 8, 9, 9, 6, 5, 9, 8, 6, 7, 8, 9, 4, 4, 7, 4, 8, 4, 7, 7, 7, 7, 3, 5, 5, 5, 6, 6, 4, 5, 3, 5, 4, 2, 4, 1, 4, 3, 2], [3, 5, 1, 5, 5, 4, 4, 5, 3, 3, 4, 6, 3, 6, 6, 5, 6, 4, 7, 4, 4, 6, 4, 4, 7, 8, 7, 7, 8, 9, 7, 6, 7, 9, 6, 8, 8, 6, 7, 8, 6, 6, 9, 9, 8, 8, 8, 9, 8, 9, 8, 7, 7, 7, 8, 8, 7, 8, 8, 6, 6, 8, 9, 8, 6, 8, 6, 7, 6, 9, 5, 7, 5, 8, 8, 4, 6, 5, 6, 7, 5, 6, 4, 6, 4, 3, 4, 4, 3, 2, 3, 2, 5, 6, 4, 1, 1, 5, 5], [2, 3, 3, 5, 1, 1, 1, 4, 4, 5, 6, 5, 3, 5, 5, 3, 5, 7, 6, 3, 7, 6, 7, 5, 4, 6, 7, 6, 4, 5, 7, 5, 8, 8, 8, 8, 9, 8, 9, 9, 8, 6, 7, 6, 7, 8, 8, 8, 9, 9, 8, 7, 9, 8, 7, 9, 9, 7, 7, 7, 9, 8, 6, 9, 9, 9, 8, 6, 6, 9, 9, 9, 5, 8, 4, 4, 8, 6, 7, 3, 6, 7, 7, 7, 4, 4, 5, 5, 2, 6, 6, 3, 4, 4, 1, 5, 4, 1, 1], [5, 5, 2, 5, 5, 1, 2, 3, 3, 4, 4, 3, 2, 4, 3, 5, 7, 3, 6, 5, 5, 7, 7, 7, 5, 7, 7, 7, 8, 9, 5, 8, 5, 6, 8, 7, 7, 8, 9, 6, 6, 9, 8, 7, 9, 7, 8, 9, 8, 7, 7, 7, 8, 7, 8, 7, 7, 7, 9, 7, 6, 9, 8, 8, 7, 6, 7, 7, 6, 5, 7, 9, 7, 8, 8, 8, 7, 7, 4, 4, 4, 6, 7, 3, 4, 3, 7, 5, 3, 4, 3, 2, 4, 5, 2, 5, 4, 3, 5], [1, 4, 3, 2, 3, 2, 5, 6, 6, 3, 4, 5, 5, 2, 3, 6, 6, 5, 7, 5, 7, 7, 5, 4, 5, 6, 5, 5, 4, 5, 6, 6, 7, 8, 6, 7, 7, 7, 7, 8, 7, 7, 8, 9, 7, 7, 8, 8, 9, 8, 8, 7, 8, 7, 8, 9, 9, 8, 9, 6, 6, 8, 6, 9, 9, 8, 9, 9, 5, 5, 8, 7, 5, 4, 7, 8, 7, 8, 7, 6, 6, 7, 7, 4, 5, 5, 5, 6, 5, 6, 6, 3, 6, 5, 3, 4, 1, 3, 5], [4, 3, 3, 5, 4, 1, 5, 5, 3, 3, 6, 3, 5, 2, 3, 3, 5, 5, 6, 5, 6, 6, 6, 8, 6, 7, 5, 5, 7, 6, 5, 5, 6, 5, 8, 6, 9, 6, 9, 8, 7, 6, 7, 8, 8, 9, 8, 8, 9, 9, 9, 8, 9, 9, 7, 7, 9, 8, 6, 7, 7, 9, 8, 9, 6, 5, 6, 7, 8, 5, 5, 5, 4, 6, 8, 4, 8, 6, 5, 7, 5, 3, 5, 4, 4, 5, 6, 5, 3, 5, 4, 2, 5, 5, 1, 5, 5, 5, 5], [3, 4, 4, 2, 1, 2, 4, 5, 4, 4, 4, 6, 3, 3, 7, 5, 4, 7, 7, 7, 4, 4, 6, 8, 6, 6, 4, 5, 7, 8, 5, 7, 5, 5, 6, 6, 8, 9, 9, 7, 8, 9, 8, 9, 7, 7, 9, 9, 7, 7, 9, 8, 7, 7, 9, 7, 8, 8, 8, 8, 6, 8, 9, 6, 6, 8, 7, 5, 5, 6, 6, 8, 7, 4, 7, 4, 4, 8, 8, 6, 6, 4, 6, 7, 3, 6, 5, 3, 2, 2, 2, 6, 3, 2, 4, 3, 5, 5, 1], [5, 5, 2, 4, 5, 5, 4, 3, 2, 5, 2, 4, 2, 6, 2, 3, 7, 6, 7, 7, 3, 3, 8, 4, 6, 5, 4, 6, 4, 5, 5, 7, 6, 7, 6, 7, 8, 6, 6, 7, 9, 6, 9, 7, 7, 9, 7, 8, 8, 7, 9, 8, 9, 8, 7, 7, 8, 6, 7, 8, 8, 6, 6, 9, 6, 7, 8, 8, 9, 6, 8, 6, 6, 8, 8, 7, 6, 6, 4, 3, 4, 4, 4, 3, 6, 7, 5, 2, 6, 5, 3, 3, 6, 6, 1, 5, 2, 5, 1], [1, 3, 5, 5, 3, 5, 1, 5, 5, 6, 2, 3, 5, 2, 2, 7, 5, 3, 7, 4, 4, 5, 4, 7, 8, 7, 5, 5, 7, 7, 5, 5, 7, 6, 8, 7, 6, 6, 9, 6, 7, 6, 9, 6, 7, 8, 8, 8, 9, 9, 9, 9, 8, 8, 9, 9, 7, 9, 6, 6, 8, 6, 6, 6, 6, 5, 8, 8, 5, 7, 8, 7, 4, 5, 6, 7, 4, 8, 8, 7, 5, 4, 3, 5, 3, 6, 6, 5, 6, 2, 4, 2, 4, 5, 3, 4, 5, 3, 1], [2, 1, 5, 2, 3, 1, 1, 2, 4, 3, 2, 2, 4, 2, 6, 3, 3, 6, 7, 4, 5, 7, 5, 4, 4, 7, 5, 8, 4, 7, 5, 7, 9, 9, 8, 9, 5, 8, 6, 7, 6, 8, 7, 6, 9, 8, 9, 7, 7, 8, 9, 7, 7, 9, 9, 7, 9, 6, 6, 7, 9, 9, 6, 7, 9, 7, 5, 7, 5, 8, 7, 9, 6, 6, 8, 6, 4, 4, 6, 5, 6, 4, 5, 4, 7, 6, 3, 6, 4, 4, 4, 2, 5, 1, 2, 1, 4, 2, 2], [2, 1, 2, 3, 5, 3, 1, 5, 2, 2, 2, 5, 2, 6, 2, 6, 5, 6, 6, 7, 4, 6, 8, 8, 5, 5, 8, 4, 5, 5, 6, 7, 9, 5, 5, 6, 6, 7, 8, 7, 7, 8, 8, 7, 8, 9, 9, 9, 9, 8, 9, 9, 7, 8, 8, 9, 7, 9, 8, 8, 6, 8, 7, 6, 9, 5, 9, 7, 7, 8, 5, 5, 8, 4, 5, 8, 7, 5, 5, 4, 5, 3, 6, 5, 7, 3, 2, 5, 4, 6, 5, 4, 6, 2, 2, 1, 1, 5, 3], [3, 4, 2, 2, 1, 5, 1, 5, 6, 3, 5, 2, 3, 6, 6, 4, 7, 6, 4, 4, 7, 7, 6, 8, 6, 8, 6, 8, 4, 8, 9, 9, 5, 6, 7, 7, 6, 6, 6, 9, 6, 6, 8, 9, 8, 6, 9, 9, 6, 7, 8, 8, 7, 6, 9, 9, 8, 8, 9, 9, 7, 8, 8, 5, 5, 7, 8, 8, 5, 9, 8, 8, 6, 5, 4, 5, 5, 6, 5, 4, 3, 6, 3, 3, 7, 6, 4, 3, 3, 3, 3, 5, 2, 5, 5, 2, 2, 3, 3], [3, 2, 1, 5, 1, 5, 1, 4, 6, 5, 3, 6, 6, 2, 3, 3, 3, 4, 4, 4, 7, 4, 6, 8, 7, 8, 7, 6, 6, 4, 8, 5, 7, 6, 8, 9, 8, 8, 9, 7, 7, 8, 6, 7, 9, 8, 9, 7, 6, 8, 9, 7, 6, 7, 6, 6, 6, 6, 6, 6, 8, 7, 6, 9, 5, 9, 6, 5, 7, 6, 8, 7, 5, 5, 7, 8, 6, 8, 7, 3, 7, 4, 4, 3, 4, 6, 6, 3, 3, 5, 4, 3, 6, 2, 4, 5, 5, 1, 1], [0, 1, 3, 1, 1, 3, 2, 4, 4, 3, 3, 4, 3, 6, 3, 4, 5, 5, 5, 5, 7, 3, 4, 6, 8, 6, 8, 5, 8, 5, 4, 7, 6, 7, 8, 8, 7, 7, 7, 8, 9, 9, 6, 6, 9, 8, 8, 9, 8, 8, 9, 7, 8, 7, 8, 9, 6, 9, 7, 6, 9, 8, 6, 9, 9, 9, 7, 9, 8, 8, 5, 6, 6, 6, 5, 8, 4, 4, 3, 4, 4, 4, 3, 7, 5, 2, 2, 4, 6, 5, 5, 6, 4, 5, 4, 1, 4, 1, 3], [2, 5, 5, 1, 4, 3, 1, 1, 5, 5, 6, 5, 5, 6, 3, 6, 3, 3, 5, 5, 4, 6, 6, 6, 5, 4, 8, 7, 4, 7, 4, 6, 7, 8, 5, 6, 8, 5, 8, 7, 8, 7, 9, 7, 6, 7, 9, 9, 7, 9, 9, 8, 9, 6, 7, 8, 8, 8, 9, 8, 6, 5, 7, 5, 5, 7, 6, 8, 9, 8, 5, 5, 6, 5, 6, 4, 5, 7, 3, 3, 7, 3, 5, 6, 7, 5, 6, 4, 4, 2, 3, 6, 2, 1, 2, 3, 3, 1, 3], [0, 3, 1, 3, 3, 5, 3, 2, 4, 6, 5, 4, 6, 4, 6, 3, 4, 3, 3, 5, 3, 7, 6, 5, 7, 5, 4, 7, 5, 7, 5, 5, 9, 7, 8, 6, 9, 8, 8, 8, 9, 8, 7, 9, 9, 8, 7, 9, 7, 6, 6, 7, 7, 7, 8, 6, 9, 7, 6, 6, 9, 5, 7, 7, 6, 8, 6, 7, 8, 7, 8, 5, 7, 4, 4, 6, 4, 6, 7, 6, 3, 4, 4, 7, 5, 2, 2, 4, 3, 3, 3, 6, 5, 2, 2, 2, 4, 4, 2], [3, 5, 5, 1, 1, 4, 3, 4, 5, 5, 6, 6, 2, 6, 5, 5, 7, 4, 6, 5, 4, 4, 6, 6, 8, 4, 5, 4, 4, 4, 7, 4, 6, 6, 5, 5, 6, 9, 8, 7, 5, 8, 8, 6, 8, 6, 7, 9, 6, 7, 7, 9, 6, 7, 6, 6, 7, 9, 6, 5, 6, 8, 6, 5, 8, 7, 9, 9, 7, 4, 6, 7, 5, 5, 8, 8, 5, 7, 7, 5, 5, 6, 7, 6, 3, 5, 3, 5, 6, 3, 2, 6, 1, 5, 1, 2, 2, 1, 5], [2, 1, 1, 3, 3, 3, 3, 2, 5, 6, 2, 2, 6, 6, 5, 2, 6, 5, 4, 6, 7, 3, 7, 3, 4, 4, 4, 8, 8, 7, 5, 7, 6, 5, 9, 7, 8, 5, 9, 8, 6, 5, 9, 8, 9, 7, 8, 9, 9, 6, 8, 6, 6, 6, 9, 6, 7, 7, 8, 5, 9, 6, 5, 7, 5, 8, 6, 6, 5, 8, 4, 6, 7, 4, 4, 7, 6, 4, 7, 3, 5, 7, 3, 6, 5, 2, 2, 2, 6, 2, 6, 2, 4, 2, 2, 1, 4, 3, 3], [2, 0, 3, 5, 2, 5, 5, 2, 3, 3, 5, 4, 5, 4, 5, 5, 4, 5, 3, 5, 7, 4, 7, 7, 7, 5, 6, 7, 7, 7, 8, 5, 8, 4, 6, 8, 6, 7, 7, 9, 9, 7, 5, 5, 6, 5, 6, 7, 8, 7, 7, 6, 8, 9, 8, 8, 7, 9, 8, 6, 6, 9, 9, 9, 6, 8, 9, 6, 5, 4, 8, 5, 4, 8, 7, 5, 4, 4, 5, 3, 4, 3, 7, 7, 6, 2, 3, 3, 4, 3, 3, 1, 2, 4, 1, 2, 4, 1, 1], [0, 3, 5, 3, 5, 3, 1, 5, 4, 4, 6, 5, 2, 6, 2, 3, 4, 6, 6, 5, 3, 6, 3, 4, 6, 7, 4, 4, 8, 5, 6, 6, 7, 4, 6, 8, 6, 7, 5, 7, 8, 8, 9, 6, 5, 6, 7, 6, 8, 9, 9, 7, 5, 8, 6, 6, 6, 7, 5, 9, 6, 6, 6, 9, 8, 9, 7, 6, 5, 5, 4
[...]
    <failure message="org.opentest4j.AssertionFailedError: expected: &lt;true&gt; but was: &lt;false&gt;" type="org.opentest4j.AssertionFailedError">org.opentest4j.AssertionFailedError: expected: &lt;true&gt; but was: &lt;false&gt;
	at app//org.junit.jupiter.api.AssertionUtils.fail(AssertionUtils.java:55)
	at app//org.junit.jupiter.api.AssertionUtils.failNotEqual(AssertionUtils.java:62)
	at app//org.junit.jupiter.api.AssertEquals.assertEquals(AssertEquals.java:182)
	at app//org.junit.jupiter.api.AssertEquals.assertEquals(AssertEquals.java:177)
	at app//org.junit.jupiter.api.Assertions.assertEquals(Assertions.java:1124)
	at app//TreehouseTest.checkIfVisibleRowTrueTest(TreehouseTest.kt:22)
	at java.base@17.0.4.1/jdk.internal.reflect.NativeMethodAccessorImpl.invoke0(Native Method)
	at java.base@17.0.4.1/jdk.internal.reflect.NativeMethodAccessorImpl.invoke(NativeMethodAccessorImpl.java:77)
	at java.base@17.0.4.1/jdk.internal.reflect.DelegatingMethodAccessorImpl.invoke(DelegatingMethodAccessorImpl.java:43)
	at java.base@17.0.4.1/java.lang.reflect.Method.invoke(Method.java:568)
	at app//org.junit.platform.commons.util.ReflectionUtils.invokeMethod(ReflectionUtils.java:686)
	at app//org.junit.jupiter.engine.execution.MethodInvocation.proceed(MethodInvocation.java:60)
	at app//org.junit.jupiter.engine.execution.InvocationInterceptorChain$ValidatingInvocation.proceed(InvocationInterceptorChain.java:131)
	at app//org.junit.jupiter.engine.extension.TimeoutExtension.intercept(TimeoutExtension.java:149)
	at app//org.junit.jupiter.engine.extension.TimeoutExtension.interceptTestableMethod(TimeoutExtension.java:140)
	at app//org.junit.jupiter.engine.extension.TimeoutExtension.interceptTestMethod(TimeoutExtension.java:84)
	at app//org.junit.jupiter.engine.execution.ExecutableInvoker$ReflectiveInterceptorCall.lambda$ofVoidMethod$0(ExecutableInvoker.java:115)
	at app//org.junit.jupiter.engine.execution.ExecutableInvoker.lambda$invoke$0(ExecutableInvoker.java:105)
	at app//org.junit.jupiter.engine.execution.InvocationInterceptorChain$InterceptedInvocation.proceed(InvocationInterceptorChain.java:106)
	at app//org.junit.jupiter.engine.execution.InvocationInterceptorChain.proceed(InvocationInterceptorChain.java:64)
	at app//org.junit.jupiter.engine.execution.InvocationInterceptorChain.chainAndInvoke(InvocationInterceptorChain.java:45)
	at app//org.junit.jupiter.engine.execution.InvocationInterceptorChain.invoke(InvocationInterceptorChain.java:37)
	at app//org.junit.jupiter.engine.execution.ExecutableInvoker.invoke(ExecutableInvoker.java:104)
	at app//org.junit.jupiter.engine.execution.ExecutableInvoker.invoke(ExecutableInvoker.java:98)
	at app//org.junit.jupiter.engine.descriptor.TestMethodTestDescriptor.lambda$invokeTestMethod$6(TestMethodTestDescriptor.java:205)
	at app//org.junit.platform.engine.support.hierarchical.ThrowableCollector.execute(ThrowableCollector.java:73)
	at app//org.junit.jupiter.engine.descriptor.TestMethodTestDescriptor.invokeTestMethod(TestMethodTestDescriptor.java:201)
	at app//org.junit.jupiter.engine.descriptor.TestMethodTestDescriptor.execute(TestMethodTestDescriptor.java:137)
	at app//org.junit.jupiter.engine.descriptor.TestMethodTestDescriptor.execute(TestMethodTestDescriptor.java:71)
	at app//org.junit.platform.engine.support.hierarchical.NodeTestTask.lambda$executeRecursively$5(NodeTestTask.java:135)
	at app//org.junit.platform.engine.support.hierarchical.ThrowableCollector.execute(ThrowableCollector.java:73)
	at app//org.junit.platform.engine.support.hierarchical.NodeTestTask.lambda$executeRecursively$7(NodeTestTask.java:125)
	at app//org.junit.platform.engine.support.hierarchical.Node.around(Node.java:135)
	at app//org.junit.platform.engine.support.hierarchical.NodeTestTask.lambda$executeRecursively$8(NodeTestTask.java:123)
	at app//org.junit.platform.engine.support.hierarchical.ThrowableCollector.execute(ThrowableCollector.java:73)
	at app//org.junit.platform.engine.support.hierarchical.NodeTestTask.executeRecursively(NodeTestTask.java:122)
	at app//org.junit.platform.engine.support.hierarchical.NodeTestTask.execute(NodeTestTask.java:80)
	at java.base@17.0.4.1/java.util.ArrayList.forEach(ArrayList.java:1511)
	at app//org.junit.platform.engine.support.hierarchical.SameThreadHierarchicalTestExecutorService.invokeAll(SameThreadHierarchicalTestExecutorService.java:38)
	at app//org.junit.platform.engine.support.hierarchical.NodeTestTask.lambda$executeRecursively$5(NodeTestTask.java:139)
	at app//org.junit.platform.engine.support.hierarchical.ThrowableCollector.execute(ThrowableCollector.java:73)
	at app//org.junit.platform.engine.support.hierarchical.NodeTestTask.lambda$executeRecursively$7(NodeTestTask.java:125)
	at app//org.junit.platform.engine.support.hierarchical.Node.around(Node.java:135)
	at app//org.junit.platform.engine.support.hierarchical.NodeTestTask.lambda$executeRecursively$8(NodeTestTask.java:123)
	at app//org.junit.platform.engine.support.hierarchical.ThrowableCollector.execute(ThrowableCollector.java:73)
	at app//org.junit.platform.engine.support.hierarchical.NodeTestTask.executeRecursively(NodeTestTask.java:122)
	at app//org.junit.platform.engine.support.hierarchical.NodeTestTask.execute(NodeTestTask.java:80)
	at java.base@17.0.4.1/java.util.ArrayList.forEach(ArrayList.java:1511)
	at app//org.junit.platform.engine.support.hierarchical.SameThreadHierarchicalTestExecutorService.invokeAll(SameThreadHierarchicalTestExecutorService.java:38)
	at app//org.junit.platform.engine.support.hierarchical.NodeTestTask.lambda$executeRecursively$5(NodeTestTask.java:139)
	at app//org.junit.platform.engine.support.hierarchical.ThrowableCollector.execute(ThrowableCollector.java:73)
	at app//org.junit.platform.engine.support.hierarchical.NodeTestTask.lambda$executeRecursively$7(NodeTestTask.java:125)
	at app//org.junit.platform.engine.support.hierarchical.Node.around(Node.java:135)
	at app//org.junit.platform.engine.support.hierarchical.NodeTestTask.lambda$executeRecursively$8(NodeTestTask.java:123)
	at app//org.junit.platform.engine.support.hierarchical.ThrowableCollector.execute(ThrowableCollector.java:73)
	at app//org.junit.platform.engine.support.hierarchical.NodeTestTask.executeRecursively(NodeTestTask.java:122)
	at app//org.junit.platform.engine.support.hierarchical.NodeTestTask.execute(NodeTestTask.java:80)
	at app//org.junit.platform.engine.support.hierarchical.SameThreadHierarchicalTestExecutorService.submit(SameThreadHierarchicalTestExecutorService.java:32)
	at app//org.junit.platform.engine.support.hierarchical.HierarchicalTestExecutor.execute(HierarchicalTestExecutor.java:57)
	at app//org.junit.platform.engine.support.hierarchical.HierarchicalTestEngine.execute(HierarchicalTestEngine.java:51)
	at org.junit.platform.launcher.core.EngineExecutionOrchestrator.execute(EngineExecutionOrchestrator.java:108)
	at org.junit.platform.launcher.core.EngineExecutionOrchestrator.execute(EngineExecutionOrchestrator.java:88)
	at org.junit.platform.launcher.core.EngineExecutionOrchestrator.lambda$execute$0(EngineExecutionOrchestrator.java:54)
	at org.junit.platform.launcher.core.EngineExecutionOrchestrator.withInterceptedStreams(EngineExecutionOrchestrator.java:67)
	at org.junit.platform.launcher.core.EngineExecutionOrchestrator.execute(EngineExecutionOrchestrator.java:52)
	at org.junit.platform.launcher.core.DefaultLauncher.execute(DefaultLauncher.java:96)
	at org.junit.platform.launcher.core.DefaultLauncher.execute(DefaultLauncher.java:75)
	at org.gradle.api.internal.tasks.testing.junitplatform.JUnitPlatformTestClassProcessor$CollectAllTestClassesExecutor.processAllTestClasses(JUnitPlatformTestClassProcessor.java:99)
	at org.gradle.api.internal.tasks.testing.junitplatform.JUnitPlatformTestClassProcessor$CollectAllTestClassesExecutor.access$000(JUnitPlatformTestClassProcessor.java:79)
	at org.gradle.api.internal.tasks.testing.junitplatform.JUnitPlatformTestClassProcessor.stop(JUnitPlatformTestClassProcessor.java:75)
	at org.gradle.api.internal.tasks.testing.SuiteTestClassProcessor.stop(SuiteTestClassProcessor.java:61)
	at java.base@17.0.4.1/jdk.internal.reflect.NativeMethodAccessorImpl.invoke0(Native Method)
	at java.base@17.0.4.1/jdk.internal.reflect.NativeMethodAccessorImpl.invoke(NativeMethodAccessorImpl.java:77)
	at java.base@17.0.4.1/jdk.internal.reflect.DelegatingMethodAccessorImpl.invoke(DelegatingMethodAccessorImpl.java:43)
	at java.base@17.0.4.1/java.lang.reflect.Method.invoke(Method.java:568)
	at org.gradle.internal.dispatch.ReflectionDispatch.dispatch(ReflectionDispatch.java:36)
	at org.gradle.internal.dispatch.ReflectionDispatch.dispatch(ReflectionDispatch.java:24)
	at org.gradle.internal.dispatch.ContextClassLoaderDispatch.dispatch(ContextClassLoaderDispatch.java:33)
	at org.gradle.internal.dispatch.ProxyDispatchAdapter$DispatchingInvocationHandler.invoke(ProxyDispatchAdapter.java:94)
	at jdk.proxy1/jdk.proxy1.$Proxy2.stop(Unknown Source)
	at org.gradle.api.internal.tasks.testing.worker.TestWorker$3.run(TestWorker.java:193)
	at org.gradle.api.internal.tasks.testing.worker.TestWorker.executeAndMaintainThreadName(TestWorker.java:129)
	at org.gradle.api.internal.tasks.testing.worker.TestWorker.execute(TestWorker.java:100)
	at org.gradle.api.internal.tasks.testing.worker.TestWorker.execute(TestWorker.java:60)
	at org.gradle.process.internal.worker.child.ActionExecutionWorker.execute(ActionExecutionWorker.java:56)
	at org.gradle.process.internal.worker.child.SystemApplicationClassLoaderWorker.call(SystemApplicationClassLoaderWorker.java:133)
	at org.gradle.process.internal.worker.child.SystemApplicationClassLoaderWorker.call(SystemApplicationClassLoaderWorker.java:71)
	at app//worker.org.gradle.process.internal.worker.GradleWorkerMain.run(GradleWorkerMain.java:69)
	at app//worker.org.gradle.process.internal.worker.GradleWorkerMain.main(GradleWorkerMain.java:74)
</failure>
  </testcase>
  <testcase name="checkIfVisibleRowFalseTest()" classname="TreehouseTest" time="0.002">
    <failure message="org.opentest4j.AssertionFailedError: expected: &lt;false&gt; but was: &lt;true&gt;" type="org.opentest4j.AssertionFailedError">org.opentest4j.AssertionFailedError: expected: &lt;false&gt; but was: &lt;true&gt;
	at app//org.junit.jupiter.api.AssertionUtils.fail(AssertionUtils.java:55)
	at app//org.junit.jupiter.api.AssertionUtils.failNotEqual(AssertionUtils.java:62)
	at app//org.junit.jupiter.api.AssertEquals.assertEquals(AssertEquals.java:182)
	at app//org.junit.jupiter.api.AssertEquals.assertEquals(AssertEquals.java:177)
	at app//org.junit.jupiter.api.Assertions.assertEquals(Assertions.java:1124)
	at app//TreehouseTest.checkIfVisibleRowFalseTest(TreehouseTest.kt:28)
	at java.base@17.0.4.1/jdk.internal.reflect.NativeMethodAccessorImpl.invoke0(Native Method)
	at java.base@17.0.4.1/jdk.internal.reflect.NativeMethodAccessorImpl.invoke(NativeMethodAccessorImpl.java:77)
	at java.base@17.0.4.1/jdk.internal.reflect.DelegatingMethodAccessorImpl.invoke(DelegatingMethodAccessorImpl.java:43)
	at java.base@17.0.4.1/java.lang.reflect.Method.invoke(Method.java:568)
	at app//org.junit.platform.commons.util.ReflectionUtils.invokeMethod(ReflectionUtils.java:686)
	at app//org.junit.jupiter.engine.execution.MethodInvocation.proceed(MethodInvocation.java:60)
	at app//org.junit.jupiter.engine.execution.InvocationInterceptorChain$ValidatingInvocation.proceed(InvocationInterceptorChain.java:131)
	at app//org.junit.jupiter.engine.extension.TimeoutExtension.intercept(TimeoutExtension.java:149)
	at app//org.junit.jupiter.engine.extension.TimeoutExtension.interceptTestableMethod(TimeoutExtension.java:140)
	at app//org.junit.jupiter.engine.extension.TimeoutExtension.interceptTestMethod(TimeoutExtension.java:84)
	at app//org.junit.jupiter.engine.execution.ExecutableInvoker$ReflectiveInterceptorCall.lambda$ofVoidMethod$0(ExecutableInvoker.java:115)
	at app//org.junit.jupiter.engine.execution.ExecutableInvoker.lambda$invoke$0(ExecutableInvoker.java:105)
	at app//org.junit.jupiter.engine.execution.InvocationInterceptorChain$InterceptedInvocation.proceed(InvocationInterceptorChain.java:106)
	at app//org.junit.jupiter.engine.execution.InvocationInterceptorChain.proceed(InvocationInterceptorChain.java:64)
	at app//org.junit.jupiter.engine.execution.InvocationInterceptorChain.chainAndInvoke(InvocationInterceptorChain.java:45)
	at app//org.junit.jupiter.engine.execution.InvocationInterceptorChain.invoke(InvocationInterceptorChain.java:37)
	at app//org.junit.jupiter.engine.execution.ExecutableInvoker.invoke(ExecutableInvoker.java:104)
	at app//org.junit.jupiter.engine.execution.ExecutableInvoker.invoke(ExecutableInvoker.java:98)
	at app//org.junit.jupiter.engine.descriptor.TestMethodTestDescriptor.lambda$invokeTestMethod$6(TestMethodTestDescriptor.java:205)
	at app//org.junit.platform.engine.support.hierarchical.ThrowableCollector.execute(ThrowableCollector.java:73)
	at app//org.junit.jupiter.engine.descriptor.TestMethodTestDescriptor.invokeTestMethod(TestMethodTestDescriptor.java:201)
	at app//org.junit.jupiter.engine.descriptor.TestMethodTestDescriptor.execute(TestMethodTestDescriptor.java:137)
	at app//org.junit.jupiter.engine.descriptor.TestMethodTestDescriptor.execute(TestMethodTestDescriptor.java:71)
	at app//org.junit.platform.engine.support.hierarchical.NodeTestTask.lambda$executeRecursively$5(NodeTestTask.java:135)
	at app//org.junit.platform.engine.support.hierarchical.ThrowableCollector.execute(ThrowableCollector.java:73)
	at app//org.junit.platform.engine.support.hierarchical.NodeTestTask.lambda$executeRecursively$7(NodeTestTask.java:125)
	at app//org.junit.platform.engine.support.hierarchical.Node.around(Node.java:135)
	at app//org.junit.platform.engine.support.hierarchical.NodeTestTask.lambda$executeRecursively$8(NodeTestTask.java:123)
	at app//org.junit.platform.engine.support.hierarchical.ThrowableCollector.execute(ThrowableCollector.java:73)
	at app//org.junit.platform.engine.support.hierarchical.NodeTestTask.executeRecursively(NodeTestTask.java:122)
	at app//org.junit.platform.engine.support.hierarchical.NodeTestTask.execute(NodeTestTask.java:80)
	at java.base@17.0.4.1/java.util.ArrayList.forEach(ArrayList.java:1511)
	at app//org.junit.platform.engine.support.hierarchical.SameThreadHierarchicalTestExecutorService.invokeAll(SameThreadHierarchicalTestExecutorService.java:38)
	at app//org.junit.platform.engine.support.hierarchical.NodeTestTask.lambda$executeRecursively$5(NodeTestTask.java:139)
	at app//org.junit.platform.engine.support.hierarchical.ThrowableCollector.execute(ThrowableCollector.java:73)
	at app//org.junit.platform.engine.support.hierarchical.NodeTestTask.lambda$executeRecursively$7(NodeTestTask.java:125)
	at app//org.junit.platform.engine.support.hierarchical.Node.around(Node.java:135)
	at app//org.junit.platform.engine.support.hierarchical.NodeTestTask.lambda$executeRecursively$8(NodeTestTask.java:123)
	at app//org.junit.platform.engine.support.hierarchical.ThrowableCollector.execute(ThrowableCollector.java:73)
	at app//org.junit.platform.engine.support.hierarchical.NodeTestTask.executeRecursively(NodeTestTask.java:122)
	at app//org.junit.platform.engine.support.hierarchical.NodeTestTask.execute(NodeTestTask.java:80)
	at java.base@17.0.4.1/java.util.ArrayList.forEach(ArrayList.java:1511)
	at app//org.junit.platform.engine.support.hierarchical.SameThreadHierarchicalTestExecutorService.invokeAll(SameThreadHierarchicalTestExecutorService.java:38)
	at app//org.junit.platform.engine.support.hierarchical.NodeTestTask.lambda$executeRecursively$5(NodeTestTask.java:139)
	at app//org.junit.platform.engine.support.hierarchical.ThrowableCollector.execute(ThrowableCollector.java:73)
	at app//org.junit.platform.engine.support.hierarchical.NodeTestTask.lambda$executeRecursively$7(NodeTestTask.java:125)
	at app//org.junit.platform.engine.support.hierarchical.Node.around(Node.java:135)
	at app//org.junit.platform.engine.support.hierarchical.NodeTestTask.lambda$executeRecursively$8(NodeTestTask.java:123)
	at app//org.junit.platform.engine.support.hierarchical.ThrowableCollector.execute(ThrowableCollector.java:73)
	at app//org.junit.platform.engine.support.hierarchical.NodeTestTask.executeRecursively(NodeTestTask.java:122)
	at app//org.junit.platform.engine.support.hierarchical.NodeTestTask.execute(NodeTestTask.java:80)
	at app//org.junit.platform.engine.support.hierarchical.SameThreadHierarchicalTestExecutorService.submit(SameThreadHierarchicalTestExecutorService.java:32)
	at app//org.junit.platform.engine.support.hierarchical.HierarchicalTestExecutor.execute(HierarchicalTestExecutor.java:57)
	at app//org.junit.platform.engine.support.hierarchical.HierarchicalTestEngine.execute(HierarchicalTestEngine.java:51)
	at org.junit.platform.launcher.core.EngineExecutionOrchestrator.execute(EngineExecutionOrchestrator.java:108)
	at org.junit.platform.launcher.core.EngineExecutionOrchestrator.execute(EngineExecutionOrchestrator.java:88)
	at org.junit.platform.launcher.core.EngineExecutionOrchestrator.lambda$execute$0(EngineExecutionOrchestrator.java:54)
	at org.junit.platform.launcher.core.EngineExecutionOrchestrator.withInterceptedStreams(EngineExecutionOrchestrator.java:67)
	at org.junit.platform.launcher.core.EngineExecutionOrchestrator.execute(EngineExecutionOrchestrator.java:52)
	at org.junit.platform.launcher.core.DefaultLauncher.execute(DefaultLauncher.java:96)
	at org.junit.platform.launcher.core.DefaultLauncher.execute(DefaultLauncher.java:75)
	at org.gradle.api.internal.tasks.testing.junitplatform.JUnitPlatformTestClassProcessor$CollectAllTestClassesExecutor.processAllTestClasses(JUnitPlatformTestClassProcessor.java:99)
	at org.gradle.api.internal.tasks.testing.junitplatform.JUnitPlatformTestClassProcessor$CollectAllTestClassesExecutor.access$000(JUnitPlatformTestClassProcessor.java:79)
	at org.gradle.api.internal.tasks.testing.junitplatform.JUnitPlatformTestClassProcessor.stop(JUnitPlatformTestClassProcessor.java:75)
	at org.gradle.api.internal.tasks.testing.SuiteTestClassProcessor.stop(SuiteTestClassProcessor.java:61)
	at java.base@17.0.4.1/jdk.internal.reflect.NativeMethodAccessorImpl.invoke0(Native Method)
	at java.base@17.0.4.1/jdk.internal.reflect.NativeMethodAccessorImpl.invoke(NativeMethodAccessorImpl.java:77)
	at java.base@17.0.4.1/jdk.internal.reflect.DelegatingMethodAccessorImpl.invoke(DelegatingMethodAccessorImpl.java:43)
	at java.base@17.0.4.1/java.lang.reflect.Method.invoke(Method.java:568)
	at org.gradle.internal.dispatch.ReflectionDispatch.dispatch(ReflectionDispatch.java:36)
	at org.gradle.internal.dispatch.ReflectionDispatch.dispatch(ReflectionDispatch.java:24)
	at org.gradle.internal.dispatch.ContextClassLoaderDispatch.dispatch(ContextClassLoaderDispatch.java:33)
	at org.gradle.internal.dispatch.ProxyDispatchAdapter$DispatchingInvocationHandler.invoke(ProxyDispatchAdapter.java:94)
	at jdk.proxy1/jdk.proxy1.$Proxy2.stop(Unknown Source)
	at org.gradle.api.internal.tasks.testing.worker.TestWorker$3.run(TestWorker.java:193)
	at org.gradle.api.internal.tasks.testing.worker.TestWorker.executeAndMaintainThreadName(TestWorker.java:129)
	at org.gradle.api.internal.tasks.testing.worker.TestWorker.execute(TestWorker.java:100)
	at org.gradle.api.internal.tasks.testing.worker.TestWorker.execute(TestWorker.java:60)
	at org.gradle.process.internal.worker.child.ActionExecutionWorker.execute(ActionExecutionWorker.java:56)
	at org.gradle.process.internal.worker.child.SystemApplicationClassLoaderWorker.call(SystemApplicationClassLoaderWorker.java:133)
	at org.gradle.process.internal.worker.child.SystemApplicationClassLoaderWorker.call(SystemApplicationClassLoaderWorker.java:71)
	at app//worker.org.gradle.process.internal.worker.GradleWorkerMain.run(GradleWorkerMain.java:69)
	at app//worker.org.gradle.process.internal.worker.GradleWorkerMain.main(GradleWorkerMain.java:74)
</failure>
  </testcase>
  <system-out><![CDATA[]]></system-out>
  <system-err><![CDATA[]]></system-err>
</testsuite>
